<?xml version="1.0" encoding="utf-8"?><testsuites name="pytest tests"><testsuite name="pytest" errors="0" failures="0" skipped="0" tests="8" time="45.445" timestamp="2026-03-28T11:00:34.379975+00:00" hostname="agent-env-213f6dcc-eed8-4404-914f-2dc93fee0e18"><testcase classname="backend.tests.test_approval_date_feature.TestApprovalDateFeature" name="test_vendor_settlement_approve_accepts_approval_date" time="12.839" /><testcase classname="backend.tests.test_approval_date_feature.TestApprovalDateFeature" name="test_income_expense_approve_accepts_approval_date" time="5.570" /><testcase classname="backend.tests.test_approval_date_feature.TestApprovalDateFeature" name="test_loan_disbursement_approve_accepts_approval_date" time="5.820" /><testcase classname="backend.tests.test_approval_date_feature.TestApprovalDateFeature" name="test_loan_repayment_approve_accepts_approval_date" time="6.345" /><testcase classname="backend.tests.test_approval_date_feature.TestApprovalDateFeature" name="test_psp_settlement_approve_accepts_approval_date" time="6.056" /><testcase classname="backend.tests.test_approval_date_feature.TestApprovalDateFeature" name="test_transaction_approval_with_bank_receipt_date" time="3.736" /><testcase classname="backend.tests.test_approval_date_feature.TestPendingApprovalsEndpoint" name="test_pending_approvals_all_endpoint" time="3.180" /><testcase classname="backend.tests.test_approval_date_feature.TestPendingApprovalsEndpoint" name="test_pending_vendor_settlements_endpoint" time="1.784" /></testsuite></testsuites>