<?xml version="1.0" encoding="utf-8"?><testsuites name="pytest tests"><testsuite name="pytest" errors="0" failures="0" skipped="0" tests="10" time="3.658" timestamp="2026-02-19T12:30:35.069026+00:00" hostname="agent-env-ccabe6e9-48da-4960-bca0-8a1da9265064"><testcase classname="tests.test_approvals_filters_features.TestClientBankAccountsCRUD" name="test_create_client_bank_account" time="0.728" /><testcase classname="tests.test_approvals_filters_features.TestClientBankAccountsCRUD" name="test_get_client_bank_accounts" time="0.138" /><testcase classname="tests.test_approvals_filters_features.TestWithdrawalApprovalWithSourceAccount" name="test_withdrawal_approval_requires_source_account" time="0.381" /><testcase classname="tests.test_approvals_filters_features.TestWithdrawalApprovalWithSourceAccount" name="test_withdrawal_approval_with_source_account" time="0.594" /><testcase classname="tests.test_approvals_filters_features.TestWithdrawalProofUpload" name="test_upload_proof_for_withdrawal" time="0.322" /><testcase classname="tests.test_approvals_filters_features.TestTransactionsFiltering" name="test_get_pending_transactions" time="0.127" /><testcase classname="tests.test_approvals_filters_features.TestTransactionsFiltering" name="test_filter_transactions_by_type" time="0.372" /><testcase classname="tests.test_approvals_filters_features.TestTransactionsFiltering" name="test_pending_transactions_have_bank_details" time="0.370" /><testcase classname="tests.test_approvals_filters_features.TestTransactionsFiltering" name="test_pending_transactions_have_usdt_details" time="0.440" /><testcase classname="tests.test_approvals_filters_features.TestPendingSettlements" name="test_get_pending_settlements" time="0.117" /></testsuite></testsuites>