<?xml version="1.0" encoding="utf-8"?><testsuites name="pytest tests"><testsuite name="pytest" errors="0" failures="0" skipped="2" tests="12" time="7.295" timestamp="2026-02-25T22:38:47.540006+00:00" hostname="agent-env-bfd0b577-85cf-4409-a211-be50b57f713c"><testcase classname="backend.tests.test_audit_compliance.TestAuditCompliance" name="test_run_audit_scan_success" time="0.660" /><testcase classname="backend.tests.test_audit_compliance.TestAuditCompliance" name="test_run_scan_requires_admin" time="0.452"><skipped type="pytest.skip" message="Vendor token not available">/app/backend/tests/test_audit_compliance.py:80: Vendor token not available</skipped></testcase><testcase classname="backend.tests.test_audit_compliance.TestAuditCompliance" name="test_get_latest_audit" time="0.478" /><testcase classname="backend.tests.test_audit_compliance.TestAuditCompliance" name="test_get_audit_history" time="0.528" /><testcase classname="backend.tests.test_audit_compliance.TestAuditCompliance" name="test_history_limit_parameter" time="0.571" /><testcase classname="backend.tests.test_audit_compliance.TestAuditCompliance" name="test_get_audit_settings" time="0.541" /><testcase classname="backend.tests.test_audit_compliance.TestAuditCompliance" name="test_update_audit_settings" time="0.671" /><testcase classname="backend.tests.test_audit_compliance.TestAuditCompliance" name="test_update_auto_scan_settings" time="0.626" /><testcase classname="backend.tests.test_audit_compliance.TestAuditCompliance" name="test_settings_requires_admin" time="0.431"><skipped type="pytest.skip" message="Vendor token not available">/app/backend/tests/test_audit_compliance.py:217: Vendor token not available</skipped></testcase><testcase classname="backend.tests.test_audit_compliance.TestAuditCompliance" name="test_findings_structure" time="0.503" /><testcase classname="backend.tests.test_audit_compliance.TestAuditCompliance" name="test_scan_detects_expected_issues" time="1.172" /><testcase classname="backend.tests.test_audit_compliance" name="test_health_check" time="0.546" /></testsuite></testsuites>