<?xml version="1.0" encoding="utf-8"?><testsuites name="pytest tests"><testsuite name="pytest" errors="0" failures="0" skipped="1" tests="13" time="58.465" timestamp="2026-03-26T12:55:02.464841+00:00" hostname="agent-env-213f6dcc-eed8-4404-914f-2dc93fee0e18"><testcase classname="backend.tests.test_client_tags_feature.TestClientTagsCRUD" name="test_get_client_tags" time="11.884" /><testcase classname="backend.tests.test_client_tags_feature.TestClientTagsCRUD" name="test_create_client_tag" time="2.780" /><testcase classname="backend.tests.test_client_tags_feature.TestClientTagsCRUD" name="test_create_duplicate_tag_fails" time="3.501" /><testcase classname="backend.tests.test_client_tags_feature.TestClientTagsCRUD" name="test_delete_client_tag" time="3.938" /><testcase classname="backend.tests.test_client_tags_feature.TestClientTagsCRUD" name="test_delete_nonexistent_tag_fails" time="1.757" /><testcase classname="backend.tests.test_client_tags_feature.TestTransactionTagFilter" name="test_transactions_endpoint_accepts_client_tag_param" time="2.023" /><testcase classname="backend.tests.test_client_tags_feature.TestTransactionTagFilter" name="test_transactions_filter_returns_matching_tags" time="14.932" /><testcase classname="backend.tests.test_client_tags_feature.TestPSPNetSettlement" name="test_get_psp_list" time="2.026" /><testcase classname="backend.tests.test_client_tags_feature.TestPSPNetSettlement" name="test_psp_pending_amounts_not_negative" time="1.982" /><testcase classname="backend.tests.test_client_tags_feature.TestPSPNetSettlement" name="test_net_settle_endpoint_exists" time="5.107" /><testcase classname="backend.tests.test_client_tags_feature.TestPSPSettlementHistory" name="test_get_psp_settlements" time="3.946" /><testcase classname="backend.tests.test_client_tags_feature.TestInterTreasuryTransfer" name="test_get_treasury_accounts" time="2.241" /><testcase classname="backend.tests.test_client_tags_feature.TestInterTreasuryTransfer" name="test_inter_treasury_transfer_accepts_date" time="2.272"><skipped type="pytest.skip" message="Source account MILES CAPITAL LLC AED has insufficient balance">/app/backend/tests/test_client_tags_feature.py:365: Source account MILES CAPITAL LLC AED has insufficient balance</skipped></testcase></testsuite></testsuites>