<?xml version="1.0" encoding="utf-8"?><testsuites name="pytest tests"><testsuite name="pytest" errors="0" failures="0" skipped="0" tests="10" time="39.349" timestamp="2026-03-06T20:43:27.185507+00:00" hostname="agent-env-38a02b61-a6a5-477e-93c3-39eb0a41e4d1"><testcase classname="backend.tests.test_commission_bug_fix.TestCommissionBugFix" name="test_ie_creation_commission_base_currency" time="2.318" /><testcase classname="backend.tests.test_commission_bug_fix.TestCommissionBugFix" name="test_ie_creation_various_amounts" time="2.678" /><testcase classname="backend.tests.test_commission_bug_fix.TestCommissionBugFix" name="test_transaction_creation_commission_base_currency" time="2.829" /><testcase classname="backend.tests.test_commission_bug_fix.TestCommissionBugFix" name="test_transaction_cash_mode_commission" time="2.854" /><testcase classname="backend.tests.test_commission_bug_fix.TestCommissionBugFix" name="test_vendor_me_commission_earned_base" time="3.091" /><testcase classname="backend.tests.test_commission_bug_fix.TestCommissionBugFix" name="test_vendor_transactions_commission_data" time="1.271" /><testcase classname="backend.tests.test_commission_bug_fix.TestCommissionBugFix" name="test_vendor_income_expenses_commission_data" time="10.446" /><testcase classname="backend.tests.test_commission_bug_fix" name="test_admin_login" time="0.845" /><testcase classname="backend.tests.test_commission_bug_fix" name="test_vendor_login" time="0.840" /><testcase classname="backend.tests.test_commission_bug_fix" name="test_vendors_endpoint" time="12.074" /></testsuite></testsuites>