<?xml version="1.0" encoding="utf-8"?><testsuites name="pytest tests"><testsuite name="pytest" errors="0" failures="0" skipped="0" tests="15" time="8.186" timestamp="2026-02-21T23:52:49.961611+00:00" hostname="agent-env-79b95d33-92b2-47bf-ae4f-aff39206fb55"><testcase classname="backend.tests.test_debts.TestDebtManagement" name="test_get_debts_empty_list" time="0.540" /><testcase classname="backend.tests.test_debts.TestDebtManagement" name="test_get_debts_with_filter" time="0.405" /><testcase classname="backend.tests.test_debts.TestDebtManagement" name="test_get_debts_summary" time="0.421" /><testcase classname="backend.tests.test_debts.TestDebtManagement" name="test_create_receivable_other_party" time="0.504" /><testcase classname="backend.tests.test_debts.TestDebtManagement" name="test_create_payable_debt" time="0.471" /><testcase classname="backend.tests.test_debts.TestDebtManagement" name="test_create_receivable_with_client" time="0.557" /><testcase classname="backend.tests.test_debts.TestDebtManagement" name="test_create_payable_with_vendor" time="0.518" /><testcase classname="backend.tests.test_debts.TestDebtManagement" name="test_get_debt_details" time="0.567" /><testcase classname="backend.tests.test_debts.TestDebtManagement" name="test_get_nonexistent_debt" time="0.419" /><testcase classname="backend.tests.test_debts.TestDebtManagement" name="test_record_payment" time="0.604" /><testcase classname="backend.tests.test_debts.TestDebtManagement" name="test_record_full_payment" time="0.724" /><testcase classname="backend.tests.test_debts.TestDebtManagement" name="test_get_debt_payment_history" time="0.659" /><testcase classname="backend.tests.test_debts.TestDebtManagement" name="test_overdue_debt_interest_calculation" time="0.508" /><testcase classname="backend.tests.test_debts.TestDebtManagement" name="test_summary_after_creating_debts" time="0.609" /><testcase classname="backend.tests.test_debts.TestDebtManagement" name="test_filter_debts_by_status" time="0.550" /></testsuite></testsuites>