<?xml version="1.0" encoding="utf-8"?><testsuites name="pytest tests"><testsuite name="pytest" errors="0" failures="0" skipped="1" tests="10" time="84.025" timestamp="2026-03-10T22:11:38.309885+00:00" hostname="agent-env-b2adb88d-48f4-4861-886b-927eca40ae90"><testcase classname="backend.tests.test_deposit_autoprocess_destination.TestDepositAutoProcessAndEditDestination" name="test_deposit_request_auto_processes_immediately" time="14.312" /><testcase classname="backend.tests.test_deposit_autoprocess_destination.TestDepositAutoProcessAndEditDestination" name="test_withdrawal_request_stays_pending" time="6.640" /><testcase classname="backend.tests.test_deposit_autoprocess_destination.TestDepositAutoProcessAndEditDestination" name="test_deposit_with_vendor_auto_processes" time="7.600" /><testcase classname="backend.tests.test_deposit_autoprocess_destination.TestDepositAutoProcessAndEditDestination" name="test_assign_endpoint_exists" time="8.932" /><testcase classname="backend.tests.test_deposit_autoprocess_destination.TestDepositAutoProcessAndEditDestination" name="test_edit_destination_to_vendor" time="9.163" /><testcase classname="backend.tests.test_deposit_autoprocess_destination.TestDepositAutoProcessAndEditDestination" name="test_edit_destination_to_treasury" time="9.138" /><testcase classname="backend.tests.test_deposit_autoprocess_destination.TestDepositAutoProcessAndEditDestination" name="test_edit_destination_updates_crm_reference" time="8.870" /><testcase classname="backend.tests.test_deposit_autoprocess_destination.TestDepositAutoProcessAndEditDestination" name="test_edit_button_not_shown_for_non_pending" time="5.933"><skipped type="pytest.skip" message="No completed transactions to test">/app/backend/tests/test_deposit_autoprocess_destination.py:373: No completed transactions to test</skipped></testcase><testcase classname="backend.tests.test_deposit_autoprocess_destination.TestDepositAutoProcessAndEditDestination" name="test_withdrawal_requires_manual_process" time="8.831" /><testcase classname="backend.tests.test_deposit_autoprocess_destination.TestTransactionRequestResponse" name="test_deposit_response_includes_toast_fields" time="4.532" /></testsuite></testsuites>