<?xml version="1.0" encoding="utf-8"?><testsuites name="pytest tests"><testsuite name="pytest" errors="0" failures="0" skipped="0" tests="7" time="8.220" timestamp="2026-02-20T19:56:02.324152+00:00" hostname="agent-env-e29b9570-52ee-48c9-8526-8e235580ed3e"><testcase classname="backend.tests.test_deposit_approval.TestDepositApproval" name="test_upload_proof_endpoint_works_for_deposits" time="1.122" /><testcase classname="backend.tests.test_deposit_approval.TestDepositApproval" name="test_deposit_approval_requires_proof" time="0.261" /><testcase classname="backend.tests.test_deposit_approval.TestDepositApproval" name="test_deposit_approval_succeeds_with_proof" time="0.415" /><testcase classname="backend.tests.test_deposit_approval.TestDepositApproval" name="test_approved_deposit_has_accountant_proof_image" time="1.780" /><testcase classname="backend.tests.test_deposit_approval.TestDepositApproval" name="test_accountant_can_approve_deposits" time="0.838" /><testcase classname="backend.tests.test_deposit_approval.TestWithdrawalApprovalStillWorks" name="test_withdrawal_approval_requires_source_account" time="0.314" /><testcase classname="backend.tests.test_deposit_approval.TestPendingTransactionsAPI" name="test_pending_deposits_appear_in_pending_list" time="3.431" /></testsuite></testsuites>