<?xml version="1.0" encoding="utf-8"?><testsuites name="pytest tests"><testsuite name="pytest" errors="0" failures="0" skipped="0" tests="13" time="56.141" timestamp="2026-03-16T17:14:58.278195+00:00" hostname="agent-env-b7c03f6d-ba63-4920-8d7e-070a6f9856be"><testcase classname="backend.tests.test_destination_fix_edit_feature.TestDestinationFixAndEditFeature" name="test_get_transactions_enriches_psp_name" time="11.776" /><testcase classname="backend.tests.test_destination_fix_edit_feature.TestDestinationFixAndEditFeature" name="test_get_transactions_enriches_vendor_name" time="4.307" /><testcase classname="backend.tests.test_destination_fix_edit_feature.TestDestinationFixAndEditFeature" name="test_get_transactions_enriches_treasury_name" time="3.526" /><testcase classname="backend.tests.test_destination_fix_edit_feature.TestDestinationFixAndEditFeature" name="test_edit_crm_reference_on_pending_transaction" time="3.378" /><testcase classname="backend.tests.test_destination_fix_edit_feature.TestDestinationFixAndEditFeature" name="test_edit_amount_on_pending_transaction" time="3.235" /><testcase classname="backend.tests.test_destination_fix_edit_feature.TestDestinationFixAndEditFeature" name="test_edit_reference_on_pending_transaction" time="3.439" /><testcase classname="backend.tests.test_destination_fix_edit_feature.TestDestinationFixAndEditFeature" name="test_edit_blocked_on_approved_transaction" time="2.764" /><testcase classname="backend.tests.test_destination_fix_edit_feature.TestDestinationFixAndEditFeature" name="test_edit_blocked_on_rejected_transaction" time="2.135" /><testcase classname="backend.tests.test_destination_fix_edit_feature.TestDestinationFixAndEditFeature" name="test_crm_reference_uniqueness_validation" time="4.430" /><testcase classname="backend.tests.test_destination_fix_edit_feature.TestDestinationFixAndEditFeature" name="test_reference_uniqueness_validation" time="4.593" /><testcase classname="backend.tests.test_destination_fix_edit_feature.TestDestinationFixAndEditFeature" name="test_deposit_request_auto_processing_with_psp" time="5.096" /><testcase classname="backend.tests.test_destination_fix_edit_feature.TestDestinationFixAndEditFeature" name="test_deposit_request_auto_processing_with_vendor" time="3.664" /><testcase classname="backend.tests.test_destination_fix_edit_feature.TestDestinationFixAndEditFeature" name="test_deposit_request_auto_processing_with_treasury" time="3.696" /></testsuite></testsuites>