<?xml version="1.0" encoding="utf-8"?><testsuites name="pytest tests"><testsuite name="pytest" errors="0" failures="0" skipped="1" tests="13" time="5.543" timestamp="2026-02-25T23:38:13.468510+00:00" hostname="agent-env-bfd0b577-85cf-4409-a211-be50b57f713c"><testcase classname="backend.tests.test_8_enhancements.TestLoansMultiplePerCompanyAndCSV" name="test_create_multiple_loans_same_borrower" time="0.754" /><testcase classname="backend.tests.test_8_enhancements.TestLoansMultiplePerCompanyAndCSV" name="test_export_loans_csv" time="0.136" /><testcase classname="backend.tests.test_8_enhancements.TestExpenseToLoanConversion" name="test_convert_expense_to_loan" time="0.508" /><testcase classname="backend.tests.test_8_enhancements.TestExpenseToLoanConversion" name="test_cannot_convert_already_converted" time="0.362" /><testcase classname="backend.tests.test_8_enhancements.TestExpenseToLoanConversion" name="test_converted_entries_excluded_from_summary" time="0.565" /><testcase classname="backend.tests.test_8_enhancements.TestVendorLinkedIncomeExpense" name="test_create_expense_with_vendor_pending_status" time="0.263" /><testcase classname="backend.tests.test_8_enhancements.TestVendorLinkedIncomeExpense" name="test_create_income_without_vendor_completed_status" time="0.370" /><testcase classname="backend.tests.test_8_enhancements.TestVendorIEApprovalFlow" name="test_vendor_can_see_ie_entries" time="0.574" /><testcase classname="backend.tests.test_8_enhancements.TestVendorIEApprovalFlow" name="test_vendor_approve_ie_updates_treasury" time="0.646" /><testcase classname="backend.tests.test_8_enhancements.TestVendorIEApprovalFlow" name="test_vendor_reject_ie" time="0.382" /><testcase classname="backend.tests.test_8_enhancements.TestVendorTransactionProofRequirement" name="test_vendor_approval_requires_proof" time="0.442"><skipped type="pytest.skip" message="Could not create test transaction: {&quot;detail&quot;:[{&quot;type&quot;:&quot;missing&quot;,&quot;loc&quot;:[&quot;body&quot;,&quot;client_id&quot;],&quot;msg&quot;:&quot;Field required&quot;,&quot;input&quot;:null,&quot;url&quot;:&quot;https://errors.pydantic.dev/2.12/v/missing&quot;},{&quot;type&quot;:&quot;missing&quot;,&quot;loc&quot;:[&quot;body&quot;,&quot;transaction_type&quot;],&quot;msg&quot;:&quot;Field required&quot;,&quot;input&quot;:null,&quot;url&quot;:&quot;https://errors.pydantic.dev/2.12/v/missing&quot;},{&quot;type&quot;:&quot;missing&quot;,&quot;loc&quot;:[&quot;body&quot;,&quot;amount&quot;],&quot;msg&quot;:&quot;Field required&quot;,&quot;input&quot;:null,&quot;url&quot;:&quot;https://errors.pydantic.dev/2.12/v/missing&quot;}]}">/app/backend/tests/test_8_enhancements.py:465: Could not create test transaction: {"detail":[{"type":"missing","loc":["body","client_id"],"msg":"Field required","input":null,"url":"https://errors.pydantic.dev/2.12/v/missing"},{"type":"missing","loc":["body","transaction_type"],"msg":"Field required","input":null,"url":"https://errors.pydantic.dev/2.12/v/missing"},{"type":"missing","loc":["body","amount"],"msg":"Field required","input":null,"url":"https://errors.pydantic.dev/2.12/v/missing"}]}</skipped></testcase><testcase classname="backend.tests.test_8_enhancements.TestConvertedEntriesInList" name="test_converted_entries_still_in_list" time="0.371" /><testcase classname="backend.tests.test_8_enhancements.TestHealthCheck" name="test_api_health" time="0.119" /></testsuite></testsuites>