<?xml version="1.0" encoding="utf-8"?><testsuites name="pytest tests"><testsuite name="pytest" errors="0" failures="0" skipped="0" tests="10" time="23.534" timestamp="2026-03-03T20:52:33.903566+00:00" hostname="agent-env-f1a96dd0-2ab2-4489-95ea-39b7e0660796"><testcase classname="tests.test_expense_to_loan_settlement.TestExpenseToLoanSettlementFix" name="test_admin_login_succeeds" time="1.624" /><testcase classname="tests.test_expense_to_loan_settlement.TestExpenseToLoanSettlementFix" name="test_vendor_login_succeeds" time="0.816" /><testcase classname="tests.test_expense_to_loan_settlement.TestExpenseToLoanSettlementFix" name="test_verify_converted_expense_exists" time="3.295" /><testcase classname="tests.test_expense_to_loan_settlement.TestExpenseToLoanSettlementFix" name="test_get_vendors_list_excludes_converted" time="2.247" /><testcase classname="tests.test_expense_to_loan_settlement.TestExpenseToLoanSettlementFix" name="test_get_single_vendor_excludes_converted" time="1.778" /><testcase classname="tests.test_expense_to_loan_settlement.TestExpenseToLoanSettlementFix" name="test_vendor_me_endpoint_excludes_converted" time="1.572" /><testcase classname="tests.test_expense_to_loan_settlement.TestExpenseToLoanSettlementFix" name="test_regular_completed_expenses_included" time="1.717" /><testcase classname="tests.test_expense_to_loan_settlement.TestExpenseToLoanSettlementFix" name="test_converted_expense_shows_correct_status" time="1.640" /><testcase classname="tests.test_expense_to_loan_settlement.TestExpenseToLoanSettlementFix" name="test_settlement_calculation_consistency" time="7.340" /><testcase classname="tests.test_expense_to_loan_settlement.TestVendorPortalAccess" name="test_admin_cannot_access_vendor_me" time="1.409" /></testsuite></testsuites>