<?xml version="1.0" encoding="utf-8"?><testsuites name="pytest tests"><testsuite name="pytest" errors="0" failures="0" skipped="0" tests="61" time="172.657" timestamp="2026-03-03T14:09:55.970028+00:00" hostname="agent-env-ab49bc9f-b404-4d4f-8921-8770f4ab6117"><testcase classname="tests.test_full_system.TestAuthentication" name="test_01_admin_login" time="0.827" /><testcase classname="tests.test_full_system.TestAuthentication" name="test_02_exchanger_login" time="0.794" /><testcase classname="tests.test_full_system.TestAuthentication" name="test_03_get_current_user" time="1.360" /><testcase classname="tests.test_full_system.TestAuthentication" name="test_04_invalid_login" time="0.569" /><testcase classname="tests.test_full_system.TestUserManagement" name="test_05_get_all_users" time="1.603" /><testcase classname="tests.test_full_system.TestUserManagement" name="test_06_create_user" time="2.165" /><testcase classname="tests.test_full_system.TestUserManagement" name="test_07_update_user" time="3.130" /><testcase classname="tests.test_full_system.TestUserManagement" name="test_08_delete_user" time="2.906" /><testcase classname="tests.test_full_system.TestRolesPermissions" name="test_09_get_all_roles" time="2.055" /><testcase classname="tests.test_full_system.TestRolesPermissions" name="test_10_get_role_details" time="2.085" /><testcase classname="tests.test_full_system.TestRolesPermissions" name="test_11_get_permission_modules" time="1.859" /><testcase classname="tests.test_full_system.TestRolesPermissions" name="test_12_get_user_permissions" time="2.283" /><testcase classname="tests.test_full_system.TestClients" name="test_13_get_all_clients" time="1.907" /><testcase classname="tests.test_full_system.TestClients" name="test_14_create_client" time="2.093" /><testcase classname="tests.test_full_system.TestClients" name="test_15_update_client" time="3.139" /><testcase classname="tests.test_full_system.TestClients" name="test_16_get_client_details" time="4.827" /><testcase classname="tests.test_full_system.TestTransactions" name="test_17_get_all_transactions" time="2.435" /><testcase classname="tests.test_full_system.TestTransactions" name="test_18_create_deposit" time="3.471" /><testcase classname="tests.test_full_system.TestTransactions" name="test_19_create_withdrawal" time="3.453" /><testcase classname="tests.test_full_system.TestTransactions" name="test_20_approve_transaction" time="2.465" /><testcase classname="tests.test_full_system.TestTransactions" name="test_21_get_transaction_by_id" time="3.748" /><testcase classname="tests.test_full_system.TestTreasury" name="test_22_get_treasury_accounts" time="1.636" /><testcase classname="tests.test_full_system.TestTreasury" name="test_23_create_treasury_account" time="2.083" /><testcase classname="tests.test_full_system.TestTreasury" name="test_24_update_treasury_account" time="3.134" /><testcase classname="tests.test_full_system.TestTreasury" name="test_25_delete_treasury_account" time="2.890" /><testcase classname="tests.test_full_system.TestTreasury" name="test_26_get_treasury_history" time="3.143" /><testcase classname="tests.test_full_system.TestTreasury" name="test_27_treasury_transfer" time="3.584" /><testcase classname="tests.test_full_system.TestIncomeExpenses" name="test_28_get_income_expenses" time="1.853" /><testcase classname="tests.test_full_system.TestIncomeExpenses" name="test_29_create_income" time="3.345" /><testcase classname="tests.test_full_system.TestIncomeExpenses" name="test_30_create_expense" time="3.358" /><testcase classname="tests.test_full_system.TestIncomeExpenses" name="test_31_delete_income_expense" time="5.142" /><testcase classname="tests.test_full_system.TestLoans" name="test_32_get_loans" time="1.831" /><testcase classname="tests.test_full_system.TestLoans" name="test_33_create_loan" time="3.607" /><testcase classname="tests.test_full_system.TestLoans" name="test_34_record_repayment" time="4.845" /><testcase classname="tests.test_full_system.TestLoans" name="test_35_delete_loan" time="5.391" /><testcase classname="tests.test_full_system.TestPSP" name="test_36_get_psps" time="1.851" /><testcase classname="tests.test_full_system.TestPSP" name="test_37_create_psp" time="2.969" /><testcase classname="tests.test_full_system.TestPSP" name="test_38_update_psp" time="2.870" /><testcase classname="tests.test_full_system.TestPSP" name="test_39_psp_summary" time="5.090" /><testcase classname="tests.test_full_system.TestPSP" name="test_40_get_psp_settlements" time="2.678" /><testcase classname="tests.test_full_system.TestVendors" name="test_41_get_vendors" time="2.342" /><testcase classname="tests.test_full_system.TestVendors" name="test_42_create_vendor" time="2.787" /><testcase classname="tests.test_full_system.TestVendors" name="test_43_update_vendor" time="3.365" /><testcase classname="tests.test_full_system.TestVendors" name="test_44_delete_vendor" time="4.032" /><testcase classname="tests.test_full_system.TestLPManagement" name="test_45_get_lp_accounts" time="1.651" /><testcase classname="tests.test_full_system.TestLPManagement" name="test_46_create_lp_account" time="1.858" /><testcase classname="tests.test_full_system.TestLPManagement" name="test_47_update_lp_account" time="2.877" /><testcase classname="tests.test_full_system.TestDealingPnL" name="test_48_get_dealing_pnl" time="2.301" /><testcase classname="tests.test_full_system.TestDealingPnL" name="test_49_create_dealing_pnl" time="1.831" /><testcase classname="tests.test_full_system.TestDealingPnL" name="test_50_get_pnl_summary" time="1.635" /><testcase classname="tests.test_full_system.TestReconciliation" name="test_51_get_reconciliation_summary" time="6.953" /><testcase classname="tests.test_full_system.TestReconciliation" name="test_52_get_daily_reconciliation" time="2.365" /><testcase classname="tests.test_full_system.TestReconciliation" name="test_53_get_bank_batches" time="1.599" /><testcase classname="tests.test_full_system.TestReconciliation" name="test_54_quick_reconcile" time="2.068" /><testcase classname="tests.test_full_system.TestReconciliation" name="test_55_flag_for_review" time="2.163" /><testcase classname="tests.test_full_system.TestReports" name="test_56_get_reports_summary" time="3.690" /><testcase classname="tests.test_full_system.TestReports" name="test_57_get_transactions_report" time="1.663" /><testcase classname="tests.test_full_system.TestLogs" name="test_58_get_activity_logs" time="2.085" /><testcase classname="tests.test_full_system.TestLogs" name="test_59_filter_logs_by_module" time="2.041" /><testcase classname="tests.test_full_system.TestSettings" name="test_60_get_email_settings" time="1.617" /><testcase classname="tests.test_full_system.TestSettings" name="test_61_get_commission_settings" time="11.173" /></testsuite></testsuites>