<?xml version="1.0" encoding="utf-8"?><testsuites name="pytest tests"><testsuite name="pytest" errors="0" failures="0" skipped="0" tests="10" time="3.422" timestamp="2026-02-25T16:50:46.077236+00:00" hostname="agent-env-232e4400-3ea9-4d24-a351-308af7c03b78"><testcase classname="backend.tests.test_fx_commission.TestFxRatesCommission" name="test_get_fx_rates" time="0.527" /><testcase classname="backend.tests.test_fx_commission.TestFxRatesCommission" name="test_fx_rates_refresh" time="0.304" /><testcase classname="backend.tests.test_fx_commission.TestFxRatesCommission" name="test_fx_rates_convert_aed_to_usd" time="0.201" /><testcase classname="backend.tests.test_fx_commission.TestFxRatesCommission" name="test_fx_rates_convert_eur_to_inr" time="0.144" /><testcase classname="backend.tests.test_fx_commission.TestFxRatesCommission" name="test_fx_rates_convert_invalid_currency" time="0.118" /><testcase classname="backend.tests.test_fx_commission.TestFxRatesCommission" name="test_get_commission_settings" time="0.146" /><testcase classname="backend.tests.test_fx_commission.TestFxRatesCommission" name="test_update_commission_settings" time="0.366" /><testcase classname="backend.tests.test_fx_commission.TestFxRatesCommission" name="test_deposit_has_broker_commission" time="0.713" /><testcase classname="backend.tests.test_fx_commission.TestFxRatesCommission" name="test_withdrawal_has_broker_commission" time="0.305" /><testcase classname="backend.tests.test_fx_commission.TestFxRatesCommission" name="test_transaction_with_base_currency" time="0.530" /></testsuite></testsuites>