<?xml version="1.0" encoding="utf-8"?><testsuites name="pytest tests"><testsuite name="pytest" errors="0" failures="2" skipped="0" tests="10" time="3.625" timestamp="2026-02-25T16:49:35.750846+00:00" hostname="agent-env-232e4400-3ea9-4d24-a351-308af7c03b78"><testcase classname="backend.tests.test_fx_commission.TestFxRatesCommission" name="test_get_fx_rates" time="0.633" /><testcase classname="backend.tests.test_fx_commission.TestFxRatesCommission" name="test_fx_rates_refresh" time="0.202" /><testcase classname="backend.tests.test_fx_commission.TestFxRatesCommission" name="test_fx_rates_convert_aed_to_usd" time="0.117" /><testcase classname="backend.tests.test_fx_commission.TestFxRatesCommission" name="test_fx_rates_convert_eur_to_inr" time="0.169" /><testcase classname="backend.tests.test_fx_commission.TestFxRatesCommission" name="test_fx_rates_convert_invalid_currency" time="0.123" /><testcase classname="backend.tests.test_fx_commission.TestFxRatesCommission" name="test_get_commission_settings" time="0.172" /><testcase classname="backend.tests.test_fx_commission.TestFxRatesCommission" name="test_update_commission_settings" time="0.408" /><testcase classname="backend.tests.test_fx_commission.TestFxRatesCommission" name="test_deposit_has_broker_commission" time="0.458"><failure message="AssertionError: Transaction failed: {&quot;detail&quot;:&quot;Possible duplicate: Similar transaction created 2026-02-25T16:48:39.982974+00:00 (Transaction ID: tx_9c79f31017c8). Wait 5 minutes or use a unique reference.&quot;}&#10;assert 400 == 200&#10; +  where 400 = &lt;Response [400]&gt;.status_code">backend/tests/test_fx_commission.py:198: in test_deposit_has_broker_commission
    assert response.status_code == 200, f"Transaction failed: {response.text}"
E   AssertionError: Transaction failed: {"detail":"Possible duplicate: Similar transaction created 2026-02-25T16:48:39.982974+00:00 (Transaction ID: tx_9c79f31017c8). Wait 5 minutes or use a unique reference."}
E   assert 400 == 200
E    +  where 400 = &lt;Response [400]&gt;.status_code</failure></testcase><testcase classname="backend.tests.test_fx_commission.TestFxRatesCommission" name="test_withdrawal_has_broker_commission" time="0.555"><failure message="AssertionError: Transaction failed: {&quot;detail&quot;:&quot;Possible duplicate: Similar transaction created 2026-02-25T16:48:47.634909+00:00 (Transaction ID: tx_342cf09a1f9f). Wait 5 minutes or use a unique reference.&quot;}&#10;assert 400 == 200&#10; +  where 400 = &lt;Response [400]&gt;.status_code">backend/tests/test_fx_commission.py:237: in test_withdrawal_has_broker_commission
    assert response.status_code == 200, f"Transaction failed: {response.text}"
E   AssertionError: Transaction failed: {"detail":"Possible duplicate: Similar transaction created 2026-02-25T16:48:47.634909+00:00 (Transaction ID: tx_342cf09a1f9f). Wait 5 minutes or use a unique reference."}
E   assert 400 == 200
E    +  where 400 = &lt;Response [400]&gt;.status_code</failure></testcase><testcase classname="backend.tests.test_fx_commission.TestFxRatesCommission" name="test_transaction_with_base_currency" time="0.594" /></testsuite></testsuites>