<?xml version="1.0" encoding="utf-8"?><testsuites name="pytest tests"><testsuite name="pytest" errors="0" failures="0" skipped="0" tests="9" time="26.839" timestamp="2026-03-03T17:18:59.201174+00:00" hostname="agent-env-85c6a0de-88dc-4927-885d-bcbe73e5c545"><testcase classname="backend.tests.test_impersonation.TestImpersonation" name="test_01_impersonate_vendor_success" time="4.549" /><testcase classname="backend.tests.test_impersonation.TestImpersonation" name="test_02_impersonated_token_works" time="2.284" /><testcase classname="backend.tests.test_impersonation.TestImpersonation" name="test_03_block_impersonate_admin" time="2.476" /><testcase classname="backend.tests.test_impersonation.TestImpersonation" name="test_04_non_admin_cannot_impersonate" time="2.214" /><testcase classname="backend.tests.test_impersonation.TestImpersonation" name="test_05_stop_impersonation" time="2.441" /><testcase classname="backend.tests.test_impersonation.TestImpersonation" name="test_06_get_impersonation_logs" time="2.927" /><testcase classname="backend.tests.test_impersonation.TestImpersonation" name="test_07_non_admin_cannot_view_logs" time="2.211" /><testcase classname="backend.tests.test_impersonation.TestImpersonation" name="test_08_impersonate_nonexistent_user" time="2.470" /><testcase classname="backend.tests.test_impersonation.TestImpersonationIntegration" name="test_full_impersonation_flow" time="5.159" /></testsuite></testsuites>