<?xml version="1.0" encoding="utf-8"?><testsuites name="pytest tests"><testsuite name="pytest" errors="0" failures="1" skipped="0" tests="25" time="6.770" timestamp="2026-02-19T13:48:01.043071+00:00" hostname="agent-env-50005783-7904-47ef-af71-9e71cf802af2"><testcase classname="backend.tests.test_income_expenses.TestIncomeExpensesAuth" name="test_list_entries_requires_auth" time="0.615" /><testcase classname="backend.tests.test_income_expenses.TestIncomeExpensesAuth" name="test_create_entry_requires_auth" time="0.128" /><testcase classname="backend.tests.test_income_expenses.TestIncomeExpensesAuth" name="test_delete_entry_requires_auth" time="0.143" /><testcase classname="backend.tests.test_income_expenses.TestIncomeCreation" name="test_create_income_commission" time="0.483" /><testcase classname="backend.tests.test_income_expenses.TestIncomeCreation" name="test_create_income_service_fee" time="0.114" /><testcase classname="backend.tests.test_income_expenses.TestIncomeCreation" name="test_create_income_with_custom_category" time="0.104" /><testcase classname="backend.tests.test_income_expenses.TestIncomeCreation" name="test_create_income_invalid_treasury" time="0.122" /><testcase classname="backend.tests.test_income_expenses.TestIncomeCreation" name="test_create_income_invalid_amount" time="0.141" /><testcase classname="backend.tests.test_income_expenses.TestExpenseCreation" name="test_create_expense_bank_fee" time="0.434" /><testcase classname="backend.tests.test_income_expenses.TestExpenseCreation" name="test_create_expense_operational" time="0.213" /><testcase classname="backend.tests.test_income_expenses.TestExpenseCreation" name="test_create_expense_insufficient_balance" time="0.319" /><testcase classname="backend.tests.test_income_expenses.TestEntryListing" name="test_list_all_entries" time="0.134" /><testcase classname="backend.tests.test_income_expenses.TestEntryListing" name="test_filter_by_entry_type_income" time="0.103" /><testcase classname="backend.tests.test_income_expenses.TestEntryListing" name="test_filter_by_entry_type_expense" time="0.126" /><testcase classname="backend.tests.test_income_expenses.TestEntryListing" name="test_filter_by_treasury_account" time="0.117" /><testcase classname="backend.tests.test_income_expenses.TestEntryListing" name="test_filter_by_date_range" time="0.131" /><testcase classname="backend.tests.test_income_expenses.TestDeleteEntry" name="test_delete_income_entry_reverses_balance" time="0.528" /><testcase classname="backend.tests.test_income_expenses.TestDeleteEntry" name="test_delete_expense_entry_reverses_balance" time="0.625" /><testcase classname="backend.tests.test_income_expenses.TestDeleteEntry" name="test_delete_nonexistent_entry" time="0.117" /><testcase classname="backend.tests.test_income_expenses.TestReports" name="test_get_summary_report" time="0.118" /><testcase classname="backend.tests.test_income_expenses.TestReports" name="test_summary_report_with_date_filter" time="0.120" /><testcase classname="backend.tests.test_income_expenses.TestReports" name="test_get_monthly_report" time="0.144" /><testcase classname="backend.tests.test_income_expenses.TestReports" name="test_monthly_report_with_year" time="0.128" /><testcase classname="backend.tests.test_income_expenses.TestReports" name="test_get_categories" time="0.158"><failure message="assert 404 == 200&#10; +  where 404 = &lt;Response [404]&gt;.status_code">backend/tests/test_income_expenses.py:508: in test_get_categories
    assert response.status_code == 200
E   assert 404 == 200
E    +  where 404 = &lt;Response [404]&gt;.status_code</failure></testcase><testcase classname="backend.tests.test_income_expenses.TestMultiCurrency" name="test_create_income_non_usd_currency" time="1.245" /></testsuite></testsuites>