<?xml version="1.0" encoding="utf-8"?><testsuites name="pytest tests"><testsuite name="pytest" errors="0" failures="0" skipped="0" tests="25" time="6.116" timestamp="2026-02-19T13:49:47.008025+00:00" hostname="agent-env-50005783-7904-47ef-af71-9e71cf802af2"><testcase classname="backend.tests.test_income_expenses.TestIncomeExpensesAuth" name="test_list_entries_requires_auth" time="0.615" /><testcase classname="backend.tests.test_income_expenses.TestIncomeExpensesAuth" name="test_create_entry_requires_auth" time="0.111" /><testcase classname="backend.tests.test_income_expenses.TestIncomeExpensesAuth" name="test_delete_entry_requires_auth" time="0.109" /><testcase classname="backend.tests.test_income_expenses.TestIncomeCreation" name="test_create_income_commission" time="0.487" /><testcase classname="backend.tests.test_income_expenses.TestIncomeCreation" name="test_create_income_service_fee" time="0.130" /><testcase classname="backend.tests.test_income_expenses.TestIncomeCreation" name="test_create_income_with_custom_category" time="0.113" /><testcase classname="backend.tests.test_income_expenses.TestIncomeCreation" name="test_create_income_invalid_treasury" time="0.107" /><testcase classname="backend.tests.test_income_expenses.TestIncomeCreation" name="test_create_income_invalid_amount" time="0.127" /><testcase classname="backend.tests.test_income_expenses.TestExpenseCreation" name="test_create_expense_bank_fee" time="0.342" /><testcase classname="backend.tests.test_income_expenses.TestExpenseCreation" name="test_create_expense_operational" time="0.216" /><testcase classname="backend.tests.test_income_expenses.TestExpenseCreation" name="test_create_expense_insufficient_balance" time="0.259" /><testcase classname="backend.tests.test_income_expenses.TestEntryListing" name="test_list_all_entries" time="0.113" /><testcase classname="backend.tests.test_income_expenses.TestEntryListing" name="test_filter_by_entry_type_income" time="0.104" /><testcase classname="backend.tests.test_income_expenses.TestEntryListing" name="test_filter_by_entry_type_expense" time="0.132" /><testcase classname="backend.tests.test_income_expenses.TestEntryListing" name="test_filter_by_treasury_account" time="0.119" /><testcase classname="backend.tests.test_income_expenses.TestEntryListing" name="test_filter_by_date_range" time="0.137" /><testcase classname="backend.tests.test_income_expenses.TestDeleteEntry" name="test_delete_income_entry_reverses_balance" time="0.512" /><testcase classname="backend.tests.test_income_expenses.TestDeleteEntry" name="test_delete_expense_entry_reverses_balance" time="0.532" /><testcase classname="backend.tests.test_income_expenses.TestDeleteEntry" name="test_delete_nonexistent_entry" time="0.143" /><testcase classname="backend.tests.test_income_expenses.TestReports" name="test_get_summary_report" time="0.110" /><testcase classname="backend.tests.test_income_expenses.TestReports" name="test_summary_report_with_date_filter" time="0.122" /><testcase classname="backend.tests.test_income_expenses.TestReports" name="test_get_monthly_report" time="0.122" /><testcase classname="backend.tests.test_income_expenses.TestReports" name="test_monthly_report_with_year" time="0.093" /><testcase classname="backend.tests.test_income_expenses.TestReports" name="test_get_categories" time="0.117" /><testcase classname="backend.tests.test_income_expenses.TestMultiCurrency" name="test_create_income_non_usd_currency" time="1.080" /></testsuite></testsuites>