<?xml version="1.0" encoding="utf-8"?><testsuites name="pytest tests"><testsuite name="pytest" errors="0" failures="1" skipped="0" tests="23" time="28.228" timestamp="2026-02-19T15:45:35.635477+00:00" hostname="agent-env-50005783-7904-47ef-af71-9e71cf802af2"><testcase classname="backend.tests.test_loans.TestLoanManagement" name="test_auth_required_get_loans" time="1.514" /><testcase classname="backend.tests.test_loans.TestLoanManagement" name="test_auth_required_create_loan" time="1.127" /><testcase classname="backend.tests.test_loans.TestLoanManagement" name="test_auth_required_loan_summary" time="1.020" /><testcase classname="backend.tests.test_loans.TestLoanManagement" name="test_get_loans_empty_or_list" time="0.888" /><testcase classname="backend.tests.test_loans.TestLoanManagement" name="test_get_loans_with_status_filter" time="1.039" /><testcase classname="backend.tests.test_loans.TestLoanManagement" name="test_create_loan_success" time="1.395" /><testcase classname="backend.tests.test_loans.TestLoanManagement" name="test_create_loan_insufficient_balance" time="0.780" /><testcase classname="backend.tests.test_loans.TestLoanManagement" name="test_create_loan_invalid_treasury" time="0.972" /><testcase classname="backend.tests.test_loans.TestLoanManagement" name="test_create_loan_zero_amount" time="0.816" /><testcase classname="backend.tests.test_loans.TestLoanManagement" name="test_create_loan_with_installments" time="1.072" /><testcase classname="backend.tests.test_loans.TestLoanManagement" name="test_get_loan_detail" time="1.031" /><testcase classname="backend.tests.test_loans.TestLoanManagement" name="test_get_loan_not_found" time="0.954" /><testcase classname="backend.tests.test_loans.TestLoanManagement" name="test_record_repayment_partial" time="1.151"><failure message="AssertionError: Treasury should be credited&#10;assert 595268.8 &gt;= 595968.8">backend/tests/test_loans.py:298: in test_record_repayment_partial
    assert new_balance &gt;= initial_balance, "Treasury should be credited"
E   AssertionError: Treasury should be credited
E   assert 595268.8 &gt;= 595968.8</failure></testcase><testcase classname="backend.tests.test_loans.TestLoanManagement" name="test_record_repayment_full" time="1.106" /><testcase classname="backend.tests.test_loans.TestLoanManagement" name="test_record_repayment_different_treasury" time="1.408" /><testcase classname="backend.tests.test_loans.TestLoanManagement" name="test_record_repayment_zero_amount" time="1.391" /><testcase classname="backend.tests.test_loans.TestLoanManagement" name="test_record_repayment_invalid_treasury" time="1.474" /><testcase classname="backend.tests.test_loans.TestLoanManagement" name="test_record_repayment_fully_paid_loan" time="1.266" /><testcase classname="backend.tests.test_loans.TestLoanManagement" name="test_delete_loan_no_repayments" time="1.552" /><testcase classname="backend.tests.test_loans.TestLoanManagement" name="test_delete_loan_with_repayments_fails" time="1.426" /><testcase classname="backend.tests.test_loans.TestLoanManagement" name="test_delete_loan_not_found" time="1.515" /><testcase classname="backend.tests.test_loans.TestLoanManagement" name="test_get_loans_summary" time="1.636" /><testcase classname="backend.tests.test_loans.TestLoanManagement" name="test_loan_interest_calculation" time="1.614" /></testsuite></testsuites>