<?xml version="1.0" encoding="utf-8"?><testsuites name="pytest tests"><testsuite name="pytest" errors="0" failures="0" skipped="0" tests="23" time="35.283" timestamp="2026-02-19T15:46:24.132104+00:00" hostname="agent-env-50005783-7904-47ef-af71-9e71cf802af2"><testcase classname="backend.tests.test_loans.TestLoanManagement" name="test_auth_required_get_loans" time="1.392" /><testcase classname="backend.tests.test_loans.TestLoanManagement" name="test_auth_required_create_loan" time="1.279" /><testcase classname="backend.tests.test_loans.TestLoanManagement" name="test_auth_required_loan_summary" time="1.247" /><testcase classname="backend.tests.test_loans.TestLoanManagement" name="test_get_loans_empty_or_list" time="1.336" /><testcase classname="backend.tests.test_loans.TestLoanManagement" name="test_get_loans_with_status_filter" time="1.222" /><testcase classname="backend.tests.test_loans.TestLoanManagement" name="test_create_loan_success" time="1.336" /><testcase classname="backend.tests.test_loans.TestLoanManagement" name="test_create_loan_insufficient_balance" time="1.432" /><testcase classname="backend.tests.test_loans.TestLoanManagement" name="test_create_loan_invalid_treasury" time="1.325" /><testcase classname="backend.tests.test_loans.TestLoanManagement" name="test_create_loan_zero_amount" time="1.166" /><testcase classname="backend.tests.test_loans.TestLoanManagement" name="test_create_loan_with_installments" time="1.262" /><testcase classname="backend.tests.test_loans.TestLoanManagement" name="test_get_loan_detail" time="1.550" /><testcase classname="backend.tests.test_loans.TestLoanManagement" name="test_get_loan_not_found" time="1.340" /><testcase classname="backend.tests.test_loans.TestLoanManagement" name="test_record_repayment_partial" time="1.704" /><testcase classname="backend.tests.test_loans.TestLoanManagement" name="test_record_repayment_full" time="1.377" /><testcase classname="backend.tests.test_loans.TestLoanManagement" name="test_record_repayment_different_treasury" time="1.494" /><testcase classname="backend.tests.test_loans.TestLoanManagement" name="test_record_repayment_zero_amount" time="2.194" /><testcase classname="backend.tests.test_loans.TestLoanManagement" name="test_record_repayment_invalid_treasury" time="1.804" /><testcase classname="backend.tests.test_loans.TestLoanManagement" name="test_record_repayment_fully_paid_loan" time="1.626" /><testcase classname="backend.tests.test_loans.TestLoanManagement" name="test_delete_loan_no_repayments" time="1.641" /><testcase classname="backend.tests.test_loans.TestLoanManagement" name="test_delete_loan_with_repayments_fails" time="2.003" /><testcase classname="backend.tests.test_loans.TestLoanManagement" name="test_delete_loan_not_found" time="1.743" /><testcase classname="backend.tests.test_loans.TestLoanManagement" name="test_get_loans_summary" time="1.684" /><testcase classname="backend.tests.test_loans.TestLoanManagement" name="test_loan_interest_calculation" time="2.041" /></testsuite></testsuites>