<?xml version="1.0" encoding="utf-8"?><testsuites name="pytest tests"><testsuite name="pytest" errors="0" failures="0" skipped="0" tests="10" time="38.008" timestamp="2026-03-03T19:50:06.633623+00:00" hostname="agent-env-85c6a0de-88dc-4927-885d-bcbe73e5c545"><testcase classname="backend.tests.test_logging_and_autorefresh.TestLoggingSystem" name="test_logs_endpoint_accessible" time="3.615" /><testcase classname="backend.tests.test_logging_and_autorefresh.TestLoggingSystem" name="test_logs_stats_endpoint" time="3.172" /><testcase classname="backend.tests.test_logging_and_autorefresh.TestLoggingSystem" name="test_transaction_creates_activity_log" time="8.317" /><testcase classname="backend.tests.test_logging_and_autorefresh.TestLoggingSystem" name="test_logs_filter_by_transactions_module" time="1.517" /><testcase classname="backend.tests.test_logging_and_autorefresh.TestLoggingSystem" name="test_logs_filter_by_clients_module" time="4.032" /><testcase classname="backend.tests.test_logging_and_autorefresh.TestLoggingSystem" name="test_logs_returns_multiple_modules" time="1.992" /><testcase classname="backend.tests.test_logging_and_autorefresh.TestLoggingSystem" name="test_auth_logs_exist" time="1.513" /><testcase classname="backend.tests.test_logging_and_autorefresh.TestClientLogging" name="test_create_client_creates_log" time="4.063" /><testcase classname="backend.tests.test_logging_and_autorefresh.TestClientLogging" name="test_update_client_creates_log" time="5.876" /><testcase classname="backend.tests.test_logging_and_autorefresh.TestTreasuryLogging" name="test_create_treasury_creates_log" time="3.806" /></testsuite></testsuites>