<?xml version="1.0" encoding="utf-8"?><testsuites name="pytest tests"><testsuite name="pytest" errors="0" failures="0" skipped="0" tests="11" time="8.959" timestamp="2026-02-19T11:43:47.097994+00:00" hostname="agent-env-ccabe6e9-48da-4960-bca0-8a1da9265064"><testcase classname="backend.tests.test_new_transaction_features.TestDestinationTypes" name="test_withdrawal_to_client_bank_no_treasury_selector" time="0.918" /><testcase classname="backend.tests.test_new_transaction_features.TestDestinationTypes" name="test_withdrawal_to_usdt_client_address" time="0.878" /><testcase classname="backend.tests.test_new_transaction_features.TestDestinationTypes" name="test_deposit_to_treasury" time="0.985" /><testcase classname="backend.tests.test_new_transaction_features.TestDestinationTypes" name="test_deposit_to_psp" time="0.870" /><testcase classname="backend.tests.test_new_transaction_features.TestDestinationTypes" name="test_deposit_to_vendor" time="0.922" /><testcase classname="backend.tests.test_new_transaction_features.TestUSDTTreasury" name="test_create_usdt_treasury_account" time="0.598" /><testcase classname="backend.tests.test_new_transaction_features.TestUSDTTreasury" name="test_deposit_to_usdt_treasury" time="0.805" /><testcase classname="backend.tests.test_new_transaction_features.TestUploadProof" name="test_upload_proof_for_withdrawal" time="0.789" /><testcase classname="backend.tests.test_new_transaction_features.TestUploadProof" name="test_upload_proof_only_for_withdrawals" time="0.740" /><testcase classname="backend.tests.test_new_transaction_features.TestPendingApprovalsDetails" name="test_pending_transactions_include_bank_details" time="0.694" /><testcase classname="backend.tests.test_new_transaction_features.TestPendingApprovalsDetails" name="test_pending_transactions_include_usdt_details" time="0.707" /></testsuite></testsuites>