<?xml version="1.0" encoding="utf-8"?><testsuites name="pytest tests"><testsuite name="pytest" errors="0" failures="0" skipped="1" tests="11" time="103.220" timestamp="2026-03-04T19:26:51.469804+00:00" hostname="agent-env-d82120f8-074c-43fe-92b6-6aaef3e16071"><testcase classname="tests.test_pagination_caching.TestPaginationAndCaching" name="test_vendors_api_returns_paginated_response" time="22.612" /><testcase classname="tests.test_pagination_caching.TestPaginationAndCaching" name="test_vendors_pagination_page_2" time="2.048"><skipped type="pytest.skip" message="Only 1 page of vendors available">/app/backend/tests/test_pagination_caching.py:89: Only 1 page of vendors available</skipped></testcase><testcase classname="tests.test_pagination_caching.TestPaginationAndCaching" name="test_vendors_search_parameter" time="3.164" /><testcase classname="tests.test_pagination_caching.TestPaginationAndCaching" name="test_income_expenses_api_returns_paginated_response" time="2.810" /><testcase classname="tests.test_pagination_caching.TestPaginationAndCaching" name="test_income_expenses_pagination_page_2" time="29.617" /><testcase classname="tests.test_pagination_caching.TestPaginationAndCaching" name="test_income_expenses_filters_with_pagination" time="9.602" /><testcase classname="tests.test_pagination_caching.TestPaginationAndCaching" name="test_vendors_api_caching_performance" time="23.527" /><testcase classname="tests.test_pagination_caching.TestPaginationAndCaching" name="test_income_expenses_api_caching_performance" time="3.920" /><testcase classname="tests.test_pagination_caching.TestPaginationAndCaching" name="test_vendors_item_count_matches_page_size" time="2.016" /><testcase classname="tests.test_pagination_caching.TestPaginationAndCaching" name="test_income_expenses_item_count_matches_page_size" time="1.927" /><testcase classname="tests.test_pagination_caching.TestPaginationAndCaching" name="test_total_pages_calculation" time="1.926" /></testsuite></testsuites>