<?xml version="1.0" encoding="utf-8"?><testsuites name="pytest tests"><testsuite name="pytest" errors="0" failures="0" skipped="0" tests="10" time="21.162" timestamp="2026-03-11T12:40:02.121736+00:00" hostname="agent-env-b2adb88d-48f4-4861-886b-927eca40ae90"><testcase classname="backend.tests.test_pagination_controls.TestPaginationBackendAPIs" name="test_treasury_pagination_format" time="8.233" /><testcase classname="backend.tests.test_pagination_controls.TestPaginationBackendAPIs" name="test_lp_pagination_format" time="1.071" /><testcase classname="backend.tests.test_pagination_controls.TestPaginationBackendAPIs" name="test_logs_pagination_format" time="1.041" /><testcase classname="backend.tests.test_pagination_controls.TestPaginationBackendAPIs" name="test_transactions_pagination_format" time="2.505" /><testcase classname="backend.tests.test_pagination_controls.TestPaginationBackendAPIs" name="test_loans_pagination_format" time="1.071" /><testcase classname="backend.tests.test_pagination_controls.TestPaginationBackendAPIs" name="test_income_expenses_pagination_format" time="1.278" /><testcase classname="backend.tests.test_pagination_controls.TestPaginationBackendAPIs" name="test_transaction_requests_pagination_format" time="1.092" /><testcase classname="backend.tests.test_pagination_controls.TestPaginationBackendAPIs" name="test_page_size_parameter_works" time="1.282" /><testcase classname="backend.tests.test_pagination_controls.TestPaginationBackendAPIs" name="test_page_navigation_works" time="2.107" /><testcase classname="backend.tests.test_pagination_controls.TestPaginationBackendAPIs" name="test_treasury_dropdown_compatibility" time="1.310" /></testsuite></testsuites>