<?xml version="1.0" encoding="utf-8"?><testsuites name="pytest tests"><testsuite name="pytest" errors="0" failures="0" skipped="0" tests="13" time="63.173" timestamp="2026-03-27T14:24:01.843115+00:00" hostname="agent-env-213f6dcc-eed8-4404-914f-2dc93fee0e18"><testcase classname="backend.tests.test_pending_approvals.TestAuth" name="test_login_success" time="1.104" /><testcase classname="backend.tests.test_pending_approvals.TestIncomeExpensesPendingApproval" name="test_create_income_expense_pending_status" time="3.683" /><testcase classname="backend.tests.test_pending_approvals.TestIncomeExpensesPendingApproval" name="test_approve_income_expense" time="5.729" /><testcase classname="backend.tests.test_pending_approvals.TestIncomeExpensesPendingApproval" name="test_reject_income_expense" time="3.402" /><testcase classname="backend.tests.test_pending_approvals.TestLoansPendingApproval" name="test_create_loan_pending_approval_status" time="4.928" /><testcase classname="backend.tests.test_pending_approvals.TestLoansPendingApproval" name="test_approve_loan_disbursement" time="6.599" /><testcase classname="backend.tests.test_pending_approvals.TestLoansPendingApproval" name="test_reject_loan_disbursement" time="4.342" /><testcase classname="backend.tests.test_pending_approvals.TestLoanRepaymentsPendingApproval" name="test_create_repayment_pending_approval_status" time="5.268" /><testcase classname="backend.tests.test_pending_approvals.TestLoanRepaymentsPendingApproval" name="test_approve_loan_repayment" time="6.022" /><testcase classname="backend.tests.test_pending_approvals.TestLoanRepaymentsPendingApproval" name="test_reject_loan_repayment" time="3.180" /><testcase classname="backend.tests.test_pending_approvals.TestPSPSettlementsPendingApproval" name="test_batch_settle_creates_pending_settlement" time="8.880" /><testcase classname="backend.tests.test_pending_approvals.TestPendingApprovalsEndpoint" name="test_get_all_pending_approvals" time="3.466" /><testcase classname="backend.tests.test_pending_approvals.TestDeleteIncomeExpenseReversalLogic" name="test_delete_pending_entry_no_treasury_reversal" time="6.484" /></testsuite></testsuites>