<?xml version="1.0" encoding="utf-8"?><testsuites name="pytest tests"><testsuite name="pytest" errors="0" failures="0" skipped="0" tests="9" time="22.611" timestamp="2026-03-13T18:34:00.090576+00:00" hostname="agent-env-d0f91b2a-b4ac-42d8-89a0-0ada4e974c24"><testcase classname="backend.tests.test_psp_batch_settle.TestPSPSummary" name="test_get_psp_summary" time="10.524" /><testcase classname="backend.tests.test_psp_batch_settle.TestPendingTransactions" name="test_get_pending_transactions_network" time="0.895" /><testcase classname="backend.tests.test_psp_batch_settle.TestPendingTransactions" name="test_get_pending_transactions_uni" time="0.907" /><testcase classname="backend.tests.test_psp_batch_settle.TestBatchSettleEndpoint" name="test_batch_settle_empty_list" time="0.853" /><testcase classname="backend.tests.test_psp_batch_settle.TestBatchSettleEndpoint" name="test_batch_settle_invalid_psp" time="0.956" /><testcase classname="backend.tests.test_psp_batch_settle.TestBatchSettleEndpoint" name="test_batch_settle_wrong_psp_transactions" time="1.186" /><testcase classname="backend.tests.test_psp_batch_settle.TestBatchSettleFlow" name="test_batch_settle_network_psp" time="4.881" /><testcase classname="backend.tests.test_psp_batch_settle.TestSettlementHistory" name="test_get_settlement_history" time="0.851" /><testcase classname="backend.tests.test_psp_batch_settle.TestTreasuryAccounts" name="test_get_treasury_accounts" time="1.370" /></testsuite></testsuites>