<?xml version="1.0" encoding="utf-8"?><testsuites name="pytest tests"><testsuite name="pytest" errors="0" failures="7" skipped="1" tests="16" time="5.694" timestamp="2026-02-25T21:42:18.247248+00:00" hostname="agent-env-bfd0b577-85cf-4409-a211-be50b57f713c"><testcase classname="backend.tests.test_psp_currency_conversion.TestFXRatesAndConversion" name="test_fx_rates_available" time="0.518" /><testcase classname="backend.tests.test_psp_currency_conversion.TestFXRatesAndConversion" name="test_convert_currency_api" time="0.167" /><testcase classname="backend.tests.test_psp_currency_conversion.TestPSPTransactionCreation" name="test_create_psp_transaction_stores_reserve_fund_amount" time="0.660"><failure message="AssertionError: Create transaction failed: {&quot;detail&quot;:&quot;Possible duplicate: Similar transaction created 2026-02-25T21:41:37.873944+00:00 (Transaction ID: tx_f2fb689237d9). Wait 5 minutes or use a unique reference.&quot;}&#10;assert 400 == 200&#10; +  where 400 = &lt;Response [400]&gt;.status_code">backend/tests/test_psp_currency_conversion.py:109: in test_create_psp_transaction_stores_reserve_fund_amount
    assert response.status_code == 200, f"Create transaction failed: {response.text}"
E   AssertionError: Create transaction failed: {"detail":"Possible duplicate: Similar transaction created 2026-02-25T21:41:37.873944+00:00 (Transaction ID: tx_f2fb689237d9). Wait 5 minutes or use a unique reference."}
E   assert 400 == 200
E    +  where 400 = &lt;Response [400]&gt;.status_code</failure></testcase><testcase classname="backend.tests.test_psp_currency_conversion.TestPSPTransactionCreation" name="test_create_psp_transaction_with_paypal_reserve_rate" time="0.222"><failure message="AssertionError: Create failed: {&quot;detail&quot;:&quot;Possible duplicate: Similar transaction created 2026-02-25T21:41:38.030299+00:00 (Transaction ID: tx_35b05077d5de). Wait 5 minutes or use a unique reference.&quot;}&#10;assert 400 == 200&#10; +  where 400 = &lt;Response [400]&gt;.status_code">backend/tests/test_psp_currency_conversion.py:148: in test_create_psp_transaction_with_paypal_reserve_rate
    assert response.status_code == 200, f"Create failed: {response.text}"
E   AssertionError: Create failed: {"detail":"Possible duplicate: Similar transaction created 2026-02-25T21:41:38.030299+00:00 (Transaction ID: tx_35b05077d5de). Wait 5 minutes or use a unique reference."}
E   assert 400 == 200
E    +  where 400 = &lt;Response [400]&gt;.status_code</failure></testcase><testcase classname="backend.tests.test_psp_currency_conversion.TestPSPSettlementCurrencyConversion" name="test_settle_psp_transaction_converts_currency" time="0.490"><failure message="AssertionError: Create failed: {&quot;detail&quot;:&quot;Possible duplicate: Similar transaction created 2026-02-25T21:41:38.659707+00:00 (Transaction ID: tx_c594fe778544). Wait 5 minutes or use a unique reference.&quot;}&#10;assert 400 == 200&#10; +  where 400 = &lt;Response [400]&gt;.status_code">backend/tests/test_psp_currency_conversion.py:186: in test_settle_psp_transaction_converts_currency
    assert create_resp.status_code == 200, f"Create failed: {create_resp.text}"
E   AssertionError: Create failed: {"detail":"Possible duplicate: Similar transaction created 2026-02-25T21:41:38.659707+00:00 (Transaction ID: tx_c594fe778544). Wait 5 minutes or use a unique reference."}
E   assert 400 == 200
E    +  where 400 = &lt;Response [400]&gt;.status_code</failure></testcase><testcase classname="backend.tests.test_psp_currency_conversion.TestPSPSettlementCurrencyConversion" name="test_record_psp_payment_converts_currency" time="0.115"><failure message="AssertionError: Create failed: {&quot;detail&quot;:&quot;Possible duplicate: Similar transaction created 2026-02-25T21:41:40.003055+00:00 (Transaction ID: tx_c6920bc16f08). Wait 5 minutes or use a unique reference.&quot;}&#10;assert 400 == 200&#10; +  where 400 = &lt;Response [400]&gt;.status_code">backend/tests/test_psp_currency_conversion.py:259: in test_record_psp_payment_converts_currency
    assert create_resp.status_code == 200, f"Create failed: {create_resp.text}"
E   AssertionError: Create failed: {"detail":"Possible duplicate: Similar transaction created 2026-02-25T21:41:40.003055+00:00 (Transaction ID: tx_c6920bc16f08). Wait 5 minutes or use a unique reference."}
E   assert 400 == 200
E    +  where 400 = &lt;Response [400]&gt;.status_code</failure></testcase><testcase classname="backend.tests.test_psp_currency_conversion.TestReserveFundRelease" name="test_single_release_converts_currency" time="0.483"><failure message="AssertionError: Create failed: {&quot;detail&quot;:&quot;Possible duplicate: Similar transaction created 2026-02-25T21:41:41.345414+00:00 (Transaction ID: tx_b03712b4eca3). Wait 5 minutes or use a unique reference.&quot;}&#10;assert 400 == 200&#10; +  where 400 = &lt;Response [400]&gt;.status_code">backend/tests/test_psp_currency_conversion.py:314: in test_single_release_converts_currency
    assert create_resp.status_code == 200, f"Create failed: {create_resp.text}"
E   AssertionError: Create failed: {"detail":"Possible duplicate: Similar transaction created 2026-02-25T21:41:41.345414+00:00 (Transaction ID: tx_b03712b4eca3). Wait 5 minutes or use a unique reference."}
E   assert 400 == 200
E    +  where 400 = &lt;Response [400]&gt;.status_code</failure></testcase><testcase classname="backend.tests.test_psp_currency_conversion.TestReserveFundRelease" name="test_bulk_release_converts_currency" time="0.137"><failure message="AssertionError: Create failed: {&quot;detail&quot;:&quot;Possible duplicate: Similar transaction created 2026-02-25T21:42:11.676959+00:00 (Transaction ID: tx_2ce881fc60b2). Wait 5 minutes or use a unique reference.&quot;}&#10;assert 400 == 200&#10; +  where 400 = &lt;Response [400]&gt;.status_code">backend/tests/test_psp_currency_conversion.py:398: in test_bulk_release_converts_currency
    assert create_resp.status_code == 200, f"Create failed: {create_resp.text}"
E   AssertionError: Create failed: {"detail":"Possible duplicate: Similar transaction created 2026-02-25T21:42:11.676959+00:00 (Transaction ID: tx_2ce881fc60b2). Wait 5 minutes or use a unique reference."}
E   assert 400 == 200
E    +  where 400 = &lt;Response [400]&gt;.status_code</failure></testcase><testcase classname="backend.tests.test_psp_currency_conversion.TestTreasuryTransactionRecords" name="test_psp_settlement_creates_treasury_transaction" time="0.477"><failure message="AssertionError: Create failed: {&quot;detail&quot;:&quot;Possible duplicate: Similar transaction created 2026-02-25T21:41:43.408134+00:00 (Transaction ID: tx_d7991a037a3b). Wait 5 minutes or use a unique reference.&quot;}&#10;assert 400 == 200&#10; +  where 400 = &lt;Response [400]&gt;.status_code">backend/tests/test_psp_currency_conversion.py:465: in test_psp_settlement_creates_treasury_transaction
    assert create_resp.status_code == 200, f"Create failed: {create_resp.text}"
E   AssertionError: Create failed: {"detail":"Possible duplicate: Similar transaction created 2026-02-25T21:41:43.408134+00:00 (Transaction ID: tx_d7991a037a3b). Wait 5 minutes or use a unique reference."}
E   assert 400 == 200
E    +  where 400 = &lt;Response [400]&gt;.status_code</failure></testcase><testcase classname="backend.tests.test_psp_currency_conversion.TestLegacyTransactionsHandling" name="test_ledger_handles_legacy_without_stored_amount" time="0.486" /><testcase classname="backend.tests.test_psp_currency_conversion.TestLegacyTransactionsHandling" name="test_release_legacy_transaction_calculates_amount" time="0.244"><skipped type="pytest.skip" message="Legacy transaction already released">/app/backend/tests/test_psp_currency_conversion.py:515: Legacy transaction already released</skipped></testcase><testcase classname="backend.tests.test_psp_currency_conversion.TestGlobalReserveFundSummary" name="test_global_summary_returns_correct_structure" time="0.497" /><testcase classname="backend.tests.test_psp_currency_conversion.TestConvertCurrencyUtility" name="test_convert_usd_to_aed" time="0.481" /><testcase classname="backend.tests.test_psp_currency_conversion.TestConvertCurrencyUtility" name="test_convert_aed_to_usd" time="0.314" /><testcase classname="backend.tests.test_psp_currency_conversion.TestConvertCurrencyUtility" name="test_convert_eur_to_inr" time="0.123" /><testcase classname="backend.tests.test_psp_currency_conversion.TestConvertCurrencyUtility" name="test_same_currency_no_conversion" time="0.150" /></testsuite></testsuites>