<?xml version="1.0" encoding="utf-8"?><testsuites name="pytest tests"><testsuite name="pytest" errors="0" failures="1" skipped="1" tests="16" time="9.913" timestamp="2026-02-25T21:41:36.287869+00:00" hostname="agent-env-bfd0b577-85cf-4409-a211-be50b57f713c"><testcase classname="backend.tests.test_psp_currency_conversion.TestFXRatesAndConversion" name="test_fx_rates_available" time="0.800" /><testcase classname="backend.tests.test_psp_currency_conversion.TestFXRatesAndConversion" name="test_convert_currency_api" time="0.234" /><testcase classname="backend.tests.test_psp_currency_conversion.TestPSPTransactionCreation" name="test_create_psp_transaction_stores_reserve_fund_amount" time="0.494" /><testcase classname="backend.tests.test_psp_currency_conversion.TestPSPTransactionCreation" name="test_create_psp_transaction_with_paypal_reserve_rate" time="0.156" /><testcase classname="backend.tests.test_psp_currency_conversion.TestPSPSettlementCurrencyConversion" name="test_settle_psp_transaction_converts_currency" time="1.847" /><testcase classname="backend.tests.test_psp_currency_conversion.TestPSPSettlementCurrencyConversion" name="test_record_psp_payment_converts_currency" time="0.972" /><testcase classname="backend.tests.test_psp_currency_conversion.TestReserveFundRelease" name="test_single_release_converts_currency" time="1.852" /><testcase classname="backend.tests.test_psp_currency_conversion.TestReserveFundRelease" name="test_bulk_release_converts_currency" time="0.160"><failure message="AssertionError: Create failed: {&quot;detail&quot;:&quot;Possible duplicate: Similar transaction created 2026-02-25T21:41:38.659707+00:00 (Transaction ID: tx_c594fe778544). Wait 5 minutes or use a unique reference.&quot;}&#10;assert 400 == 200&#10; +  where 400 = &lt;Response [400]&gt;.status_code">backend/tests/test_psp_currency_conversion.py:395: in test_bulk_release_converts_currency
    assert create_resp.status_code == 200, f"Create failed: {create_resp.text}"
E   AssertionError: Create failed: {"detail":"Possible duplicate: Similar transaction created 2026-02-25T21:41:38.659707+00:00 (Transaction ID: tx_c594fe778544). Wait 5 minutes or use a unique reference."}
E   assert 400 == 200
E    +  where 400 = &lt;Response [400]&gt;.status_code</failure></testcase><testcase classname="backend.tests.test_psp_currency_conversion.TestTreasuryTransactionRecords" name="test_psp_settlement_creates_treasury_transaction" time="0.845" /><testcase classname="backend.tests.test_psp_currency_conversion.TestLegacyTransactionsHandling" name="test_ledger_handles_legacy_without_stored_amount" time="0.486" /><testcase classname="backend.tests.test_psp_currency_conversion.TestLegacyTransactionsHandling" name="test_release_legacy_transaction_calculates_amount" time="0.254"><skipped type="pytest.skip" message="Legacy transaction already released">/app/backend/tests/test_psp_currency_conversion.py:512: Legacy transaction already released</skipped></testcase><testcase classname="backend.tests.test_psp_currency_conversion.TestGlobalReserveFundSummary" name="test_global_summary_returns_correct_structure" time="0.490" /><testcase classname="backend.tests.test_psp_currency_conversion.TestConvertCurrencyUtility" name="test_convert_usd_to_aed" time="0.834" /><testcase classname="backend.tests.test_psp_currency_conversion.TestConvertCurrencyUtility" name="test_convert_aed_to_usd" time="0.119" /><testcase classname="backend.tests.test_psp_currency_conversion.TestConvertCurrencyUtility" name="test_convert_eur_to_inr" time="0.105" /><testcase classname="backend.tests.test_psp_currency_conversion.TestConvertCurrencyUtility" name="test_same_currency_no_conversion" time="0.152" /></testsuite></testsuites>