<?xml version="1.0" encoding="utf-8"?><testsuites name="pytest tests"><testsuite name="pytest" errors="0" failures="0" skipped="0" tests="14" time="8.809" timestamp="2026-02-19T01:13:48.661328+00:00" hostname="agent-env-1cdad4d8-dc59-4ff8-b5f4-e25b2a6b5ebf"><testcase classname="backend.tests.test_psp_features.TestAuthentication" name="test_admin_login" time="0.378" /><testcase classname="backend.tests.test_psp_features.TestAuthentication" name="test_accountant_login" time="0.332" /><testcase classname="backend.tests.test_psp_features.TestPSPManagement" name="test_get_psps" time="0.538" /><testcase classname="backend.tests.test_psp_features.TestPSPManagement" name="test_get_psp_summary" time="0.536" /><testcase classname="backend.tests.test_psp_features.TestPSPManagement" name="test_create_psp" time="0.580" /><testcase classname="backend.tests.test_psp_features.TestPSPManagement" name="test_update_psp" time="0.631" /><testcase classname="backend.tests.test_psp_features.TestPSPManagement" name="test_get_single_psp" time="0.653" /><testcase classname="backend.tests.test_psp_features.TestPSPTransactions" name="test_create_psp_transaction_client_pays_commission" time="0.765" /><testcase classname="backend.tests.test_psp_features.TestPSPTransactions" name="test_create_psp_transaction_broker_pays_commission" time="0.760" /><testcase classname="backend.tests.test_psp_features.TestPSPPendingTransactions" name="test_get_pending_transactions" time="0.628" /><testcase classname="backend.tests.test_psp_features.TestPSPSettlements" name="test_get_psp_settlements" time="0.571" /><testcase classname="backend.tests.test_psp_features.TestPSPSettlements" name="test_settle_single_transaction" time="1.066" /><testcase classname="backend.tests.test_psp_features.TestCleanup" name="test_cleanup_test_psps" time="0.697" /><testcase classname="backend.tests.test_psp_features.TestTreasuryIntegration" name="test_treasury_balance_update_on_settlement" time="0.557" /></testsuite></testsuites>