<?xml version="1.0" encoding="utf-8"?><testsuites name="pytest tests"><testsuite name="pytest" errors="0" failures="0" skipped="0" tests="12" time="3.757" timestamp="2026-02-22T01:09:38.664083+00:00" hostname="agent-env-69afd357-8c70-4c56-90ef-28f840b68915"><testcase classname="backend.tests.test_psp_enhanced_features.TestPSPSettings" name="test_get_psp_has_chargeback_and_holding_fields" time="0.662" /><testcase classname="backend.tests.test_psp_enhanced_features.TestPSPSettings" name="test_psp_summary_includes_new_fields" time="0.126" /><testcase classname="backend.tests.test_psp_enhanced_features.TestPSPSettings" name="test_create_psp_with_chargeback_and_holding" time="0.249" /><testcase classname="backend.tests.test_psp_enhanced_features.TestPSPSettings" name="test_update_psp_chargeback_and_holding" time="0.409" /><testcase classname="backend.tests.test_psp_enhanced_features.TestPSPTransactionCharges" name="test_create_transaction_with_psp_holding_and_release_date" time="0.142" /><testcase classname="backend.tests.test_psp_enhanced_features.TestPSPTransactionCharges" name="test_record_charges_on_transaction" time="0.238" /><testcase classname="backend.tests.test_psp_enhanced_features.TestPSPTransactionCharges" name="test_cannot_update_charges_on_settled_transaction" time="0.387" /><testcase classname="backend.tests.test_psp_enhanced_features.TestRecordPaymentReceived" name="test_record_payment_updates_treasury" time="0.477" /><testcase classname="backend.tests.test_psp_enhanced_features.TestRecordPaymentReceived" name="test_record_payment_with_variance" time="0.237" /><testcase classname="backend.tests.test_psp_enhanced_features.TestNetSettlementCalculation" name="test_net_calculation_with_all_deductions" time="0.236" /><testcase classname="backend.tests.test_psp_enhanced_features.TestTreasuryTransactionRecord" name="test_treasury_transaction_created_on_payment" time="0.403" /><testcase classname="backend.tests.test_psp_enhanced_features.TestPendingTransactionFields" name="test_pending_transactions_have_holding_fields" time="0.114" /></testsuite></testsuites>