<?xml version="1.0" encoding="utf-8"?><testsuites name="pytest tests"><testsuite name="pytest" errors="0" failures="6" skipped="0" tests="12" time="2.817" timestamp="2026-02-22T01:08:05.671664+00:00" hostname="agent-env-69afd357-8c70-4c56-90ef-28f840b68915"><testcase classname="backend.tests.test_psp_enhanced_features.TestPSPSettings" name="test_get_psp_has_chargeback_and_holding_fields" time="0.620" /><testcase classname="backend.tests.test_psp_enhanced_features.TestPSPSettings" name="test_psp_summary_includes_new_fields" time="0.125" /><testcase classname="backend.tests.test_psp_enhanced_features.TestPSPSettings" name="test_create_psp_with_chargeback_and_holding" time="0.227" /><testcase classname="backend.tests.test_psp_enhanced_features.TestPSPSettings" name="test_update_psp_chargeback_and_holding" time="0.316" /><testcase classname="backend.tests.test_psp_enhanced_features.TestPSPTransactionCharges" name="test_create_transaction_with_psp_holding_and_release_date" time="0.142"><failure message="AssertionError: Failed to create transaction: {&quot;detail&quot;:[{&quot;type&quot;:&quot;missing&quot;,&quot;loc&quot;:[&quot;body&quot;,&quot;client_id&quot;],&quot;msg&quot;:&quot;Field required&quot;,&quot;input&quot;:null,&quot;url&quot;:&quot;https://errors.pydantic.dev/2.12/v/missing&quot;},{&quot;type&quot;:&quot;missing&quot;,&quot;loc&quot;:[&quot;body&quot;,&quot;transaction_type&quot;],&quot;msg&quot;:&quot;Field required&quot;,&quot;input&quot;:null,&quot;url&quot;:&quot;https://errors.pydantic.dev/2.12/v/missing&quot;},{&quot;type&quot;:&quot;missing&quot;,&quot;loc&quot;:[&quot;body&quot;,&quot;amount&quot;],&quot;msg&quot;:&quot;Field required&quot;,&quot;input&quot;:null,&quot;url&quot;:&quot;https://errors.pydantic.dev/2.12/v/missing&quot;}]}&#10;assert 422 == 200&#10; +  where 422 = &lt;Response [422]&gt;.status_code">backend/tests/test_psp_enhanced_features.py:172: in test_create_transaction_with_psp_holding_and_release_date
    assert response.status_code == 200, f"Failed to create transaction: {response.text}"
E   AssertionError: Failed to create transaction: {"detail":[{"type":"missing","loc":["body","client_id"],"msg":"Field required","input":null,"url":"https://errors.pydantic.dev/2.12/v/missing"},{"type":"missing","loc":["body","transaction_type"],"msg":"Field required","input":null,"url":"https://errors.pydantic.dev/2.12/v/missing"},{"type":"missing","loc":["body","amount"],"msg":"Field required","input":null,"url":"https://errors.pydantic.dev/2.12/v/missing"}]}
E   assert 422 == 200
E    +  where 422 = &lt;Response [422]&gt;.status_code</failure></testcase><testcase classname="backend.tests.test_psp_enhanced_features.TestPSPTransactionCharges" name="test_record_charges_on_transaction" time="0.146"><failure message="AssertionError: Create failed: {&quot;detail&quot;:[{&quot;type&quot;:&quot;missing&quot;,&quot;loc&quot;:[&quot;body&quot;,&quot;client_id&quot;],&quot;msg&quot;:&quot;Field required&quot;,&quot;input&quot;:null,&quot;url&quot;:&quot;https://errors.pydantic.dev/2.12/v/missing&quot;},{&quot;type&quot;:&quot;missing&quot;,&quot;loc&quot;:[&quot;body&quot;,&quot;transaction_type&quot;],&quot;msg&quot;:&quot;Field required&quot;,&quot;input&quot;:null,&quot;url&quot;:&quot;https://errors.pydantic.dev/2.12/v/missing&quot;},{&quot;type&quot;:&quot;missing&quot;,&quot;loc&quot;:[&quot;body&quot;,&quot;amount&quot;],&quot;msg&quot;:&quot;Field required&quot;,&quot;input&quot;:null,&quot;url&quot;:&quot;https://errors.pydantic.dev/2.12/v/missing&quot;}]}&#10;assert 422 == 200&#10; +  where 422 = &lt;Response [422]&gt;.status_code">backend/tests/test_psp_enhanced_features.py:200: in test_record_charges_on_transaction
    assert create_resp.status_code == 200, f"Create failed: {create_resp.text}"
E   AssertionError: Create failed: {"detail":[{"type":"missing","loc":["body","client_id"],"msg":"Field required","input":null,"url":"https://errors.pydantic.dev/2.12/v/missing"},{"type":"missing","loc":["body","transaction_type"],"msg":"Field required","input":null,"url":"https://errors.pydantic.dev/2.12/v/missing"},{"type":"missing","loc":["body","amount"],"msg":"Field required","input":null,"url":"https://errors.pydantic.dev/2.12/v/missing"}]}
E   assert 422 == 200
E    +  where 422 = &lt;Response [422]&gt;.status_code</failure></testcase><testcase classname="backend.tests.test_psp_enhanced_features.TestPSPTransactionCharges" name="test_cannot_update_charges_on_settled_transaction" time="0.344" /><testcase classname="backend.tests.test_psp_enhanced_features.TestRecordPaymentReceived" name="test_record_payment_updates_treasury" time="0.229"><failure message="AssertionError: Create failed: {&quot;detail&quot;:[{&quot;type&quot;:&quot;missing&quot;,&quot;loc&quot;:[&quot;body&quot;,&quot;client_id&quot;],&quot;msg&quot;:&quot;Field required&quot;,&quot;input&quot;:null,&quot;url&quot;:&quot;https://errors.pydantic.dev/2.12/v/missing&quot;},{&quot;type&quot;:&quot;missing&quot;,&quot;loc&quot;:[&quot;body&quot;,&quot;transaction_type&quot;],&quot;msg&quot;:&quot;Field required&quot;,&quot;input&quot;:null,&quot;url&quot;:&quot;https://errors.pydantic.dev/2.12/v/missing&quot;},{&quot;type&quot;:&quot;missing&quot;,&quot;loc&quot;:[&quot;body&quot;,&quot;amount&quot;],&quot;msg&quot;:&quot;Field required&quot;,&quot;input&quot;:null,&quot;url&quot;:&quot;https://errors.pydantic.dev/2.12/v/missing&quot;}]}&#10;assert 422 == 200&#10; +  where 422 = &lt;Response [422]&gt;.status_code">backend/tests/test_psp_enhanced_features.py:288: in test_record_payment_updates_treasury
    assert create_resp.status_code == 200, f"Create failed: {create_resp.text}"
E   AssertionError: Create failed: {"detail":[{"type":"missing","loc":["body","client_id"],"msg":"Field required","input":null,"url":"https://errors.pydantic.dev/2.12/v/missing"},{"type":"missing","loc":["body","transaction_type"],"msg":"Field required","input":null,"url":"https://errors.pydantic.dev/2.12/v/missing"},{"type":"missing","loc":["body","amount"],"msg":"Field required","input":null,"url":"https://errors.pydantic.dev/2.12/v/missing"}]}
E   assert 422 == 200
E    +  where 422 = &lt;Response [422]&gt;.status_code</failure></testcase><testcase classname="backend.tests.test_psp_enhanced_features.TestRecordPaymentReceived" name="test_record_payment_with_variance" time="0.111"><failure message="assert 422 == 200&#10; +  where 422 = &lt;Response [422]&gt;.status_code">backend/tests/test_psp_enhanced_features.py:343: in test_record_payment_with_variance
    assert create_resp.status_code == 200
E   assert 422 == 200
E    +  where 422 = &lt;Response [422]&gt;.status_code</failure></testcase><testcase classname="backend.tests.test_psp_enhanced_features.TestNetSettlementCalculation" name="test_net_calculation_with_all_deductions" time="0.142"><failure message="assert 422 == 200&#10; +  where 422 = &lt;Response [422]&gt;.status_code">backend/tests/test_psp_enhanced_features.py:382: in test_net_calculation_with_all_deductions
    assert create_resp.status_code == 200
E   assert 422 == 200
E    +  where 422 = &lt;Response [422]&gt;.status_code</failure></testcase><testcase classname="backend.tests.test_psp_enhanced_features.TestTreasuryTransactionRecord" name="test_treasury_transaction_created_on_payment" time="0.100"><failure message="assert 422 == 200&#10; +  where 422 = &lt;Response [422]&gt;.status_code">backend/tests/test_psp_enhanced_features.py:441: in test_treasury_transaction_created_on_payment
    assert create_resp.status_code == 200
E   assert 422 == 200
E    +  where 422 = &lt;Response [422]&gt;.status_code</failure></testcase><testcase classname="backend.tests.test_psp_enhanced_features.TestPendingTransactionFields" name="test_pending_transactions_have_holding_fields" time="0.153" /></testsuite></testsuites>