<?xml version="1.0" encoding="utf-8"?><testsuites name="pytest tests"><testsuite name="pytest" errors="0" failures="0" skipped="0" tests="17" time="42.342" timestamp="2026-03-03T12:01:15.339380+00:00" hostname="agent-env-ab49bc9f-b404-4d4f-8921-8770f4ab6117"><testcase classname="tests.test_rbac_permissions.TestRBACPermissions" name="test_admin_login" time="2.088" /><testcase classname="tests.test_rbac_permissions.TestRBACPermissions" name="test_exchanger_login" time="0.797" /><testcase classname="tests.test_rbac_permissions.TestRBACPermissions" name="test_admin_can_access_users_endpoint" time="1.564" /><testcase classname="tests.test_rbac_permissions.TestRBACPermissions" name="test_admin_can_access_email_settings" time="1.540" /><testcase classname="tests.test_rbac_permissions.TestRBACPermissions" name="test_admin_can_access_fx_rates" time="1.378" /><testcase classname="tests.test_rbac_permissions.TestRBACPermissions" name="test_users_list_shows_roles" time="1.643" /><testcase classname="tests.test_rbac_permissions.TestRBACPermissions" name="test_get_all_roles" time="2.057" /><testcase classname="tests.test_rbac_permissions.TestRBACPermissions" name="test_get_exchanger_role_details" time="2.035" /><testcase classname="tests.test_rbac_permissions.TestRBACPermissions" name="test_get_permission_modules" time="1.780" /><testcase classname="tests.test_rbac_permissions.TestRBACPermissions" name="test_update_exchanger_role_permissions" time="3.973" /><testcase classname="tests.test_rbac_permissions.TestRBACPermissions" name="test_vendor_approve_requires_permission" time="2.303" /><testcase classname="tests.test_rbac_permissions.TestRBACPermissions" name="test_permission_changes_affect_vendor_immediately" time="9.119" /><testcase classname="tests.test_rbac_permissions.TestRBACPermissions" name="test_vendor_ie_approve_requires_permission" time="2.059" /><testcase classname="tests.test_rbac_permissions.TestRBACPermissions" name="test_assign_role_ids_endpoint" time="1.779" /><testcase classname="tests.test_rbac_permissions.TestRBACPermissions" name="test_get_my_permissions" time="2.055" /><testcase classname="tests.test_rbac_permissions.TestDailyPnLScheduler" name="test_daily_report_scheduler_exists" time="1.571" /><testcase classname="tests.test_rbac_permissions.TestDailyPnLScheduler" name="test_can_send_report_now" time="4.486" /></testsuite></testsuites>