<?xml version="1.0" encoding="utf-8"?><testsuites name="pytest tests"><testsuite name="pytest" errors="0" failures="0" skipped="0" tests="44" time="102.470" timestamp="2026-03-03T17:39:28.936492+00:00" hostname="agent-env-85c6a0de-88dc-4927-885d-bcbe73e5c545"><testcase classname="backend.tests.test_rbac_migration.TestAdminFullAccess" name="test_admin_dashboard" time="10.952" /><testcase classname="backend.tests.test_rbac_migration.TestAdminFullAccess" name="test_admin_clients" time="2.285" /><testcase classname="backend.tests.test_rbac_migration.TestAdminFullAccess" name="test_admin_transactions" time="4.020" /><testcase classname="backend.tests.test_rbac_migration.TestAdminFullAccess" name="test_admin_treasury" time="2.046" /><testcase classname="backend.tests.test_rbac_migration.TestAdminFullAccess" name="test_admin_lp_accounts" time="2.052" /><testcase classname="backend.tests.test_rbac_migration.TestAdminFullAccess" name="test_admin_psp" time="2.256" /><testcase classname="backend.tests.test_rbac_migration.TestAdminFullAccess" name="test_admin_income_expenses" time="2.272" /><testcase classname="backend.tests.test_rbac_migration.TestAdminFullAccess" name="test_admin_loans" time="2.258" /><testcase classname="backend.tests.test_rbac_migration.TestAdminFullAccess" name="test_admin_debts" time="1.997" /><testcase classname="backend.tests.test_rbac_migration.TestAdminFullAccess" name="test_admin_reconciliation" time="6.649" /><testcase classname="backend.tests.test_rbac_migration.TestAdminFullAccess" name="test_admin_audit" time="2.146" /><testcase classname="backend.tests.test_rbac_migration.TestAdminFullAccess" name="test_admin_logs" time="2.730" /><testcase classname="backend.tests.test_rbac_migration.TestAdminFullAccess" name="test_admin_roles" time="2.064" /><testcase classname="backend.tests.test_rbac_migration.TestAdminFullAccess" name="test_admin_email_settings" time="2.077" /><testcase classname="backend.tests.test_rbac_migration.TestAdminFullAccess" name="test_admin_users" time="2.035" /><testcase classname="backend.tests.test_rbac_migration.TestAdminFullAccess" name="test_admin_reports_transactions_summary" time="2.057" /><testcase classname="backend.tests.test_rbac_migration.TestAdminFullAccess" name="test_admin_vendors" time="2.786" /><testcase classname="backend.tests.test_rbac_migration.TestVendorRestricted" name="test_vendor_blocked_users" time="1.798" /><testcase classname="backend.tests.test_rbac_migration.TestVendorRestricted" name="test_vendor_blocked_logs" time="1.803" /><testcase classname="backend.tests.test_rbac_migration.TestVendorRestricted" name="test_vendor_blocked_email_settings" time="1.807" /><testcase classname="backend.tests.test_rbac_migration.TestVendorRestricted" name="test_vendor_blocked_roles" time="1.807" /><testcase classname="backend.tests.test_rbac_migration.TestVendorRestricted" name="test_vendor_blocked_audit" time="1.822" /><testcase classname="backend.tests.test_rbac_migration.TestVendorRestricted" name="test_vendor_blocked_treasury" time="1.850" /><testcase classname="backend.tests.test_rbac_migration.TestVendorRestricted" name="test_vendor_blocked_clients" time="1.793" /><testcase classname="backend.tests.test_rbac_migration.TestVendorRestricted" name="test_vendor_blocked_loans" time="1.871" /><testcase classname="backend.tests.test_rbac_migration.TestVendorRestricted" name="test_vendor_blocked_debts" time="1.823" /><testcase classname="backend.tests.test_rbac_migration.TestVendorRestricted" name="test_vendor_blocked_psp" time="1.827" /><testcase classname="backend.tests.test_rbac_migration.TestVendorRestricted" name="test_vendor_blocked_lp_accounts" time="1.803" /><testcase classname="backend.tests.test_rbac_migration.TestVendorRestricted" name="test_vendor_blocked_reconciliation" time="1.822" /><testcase classname="backend.tests.test_rbac_migration.TestVendorAllowed" name="test_vendor_allowed_dashboard" time="4.109" /><testcase classname="backend.tests.test_rbac_migration.TestVendorAllowed" name="test_vendor_allowed_transactions_view" time="4.038" /><testcase classname="backend.tests.test_rbac_migration.TestVendorAllowed" name="test_vendor_allowed_income_expenses_view" time="2.237" /><testcase classname="backend.tests.test_rbac_migration.TestVendorAllowed" name="test_vendor_allowed_my_info" time="2.291" /><testcase classname="backend.tests.test_rbac_migration.TestVendorAllowed" name="test_vendor_allowed_my_permissions" time="2.002" /><testcase classname="backend.tests.test_rbac_migration.TestUnauthenticatedBlocked" name="test_unauth_blocked_dashboard" time="0.163" /><testcase classname="backend.tests.test_rbac_migration.TestUnauthenticatedBlocked" name="test_unauth_blocked_clients" time="0.102" /><testcase classname="backend.tests.test_rbac_migration.TestUnauthenticatedBlocked" name="test_unauth_blocked_transactions" time="0.113" /><testcase classname="backend.tests.test_rbac_migration.TestUnauthenticatedBlocked" name="test_unauth_blocked_users" time="0.215" /><testcase classname="backend.tests.test_rbac_migration.TestUnauthenticatedBlocked" name="test_unauth_blocked_treasury" time="0.111" /><testcase classname="backend.tests.test_rbac_migration.TestUnauthenticatedBlocked" name="test_unauth_blocked_post_transaction" time="0.137" /><testcase classname="backend.tests.test_rbac_migration.TestUnauthenticatedBlocked" name="test_unauth_blocked_roles" time="0.121" /><testcase classname="backend.tests.test_rbac_migration.TestUnauthenticatedBlocked" name="test_unauth_blocked_logs" time="0.114" /><testcase classname="backend.tests.test_rbac_migration.TestImpersonationStillWorks" name="test_impersonation_endpoint_works" time="3.836" /><testcase classname="backend.tests.test_rbac_migration.TestDashboardPermission" name="test_dashboard_requires_permission" time="8.282" /></testsuite></testsuites>