<?xml version="1.0" encoding="utf-8"?><testsuites name="pytest tests"><testsuite name="pytest" errors="0" failures="0" skipped="0" tests="22" time="55.313" timestamp="2026-03-03T13:45:19.220567+00:00" hostname="agent-env-ab49bc9f-b404-4d4f-8921-8770f4ab6117"><testcase classname="backend.tests.test_reconciliation.TestReconciliationSummary" name="test_get_reconciliation_summary" time="6.386" /><testcase classname="backend.tests.test_reconciliation.TestReconciliationSummary" name="test_get_daily_reconciliation" time="1.529" /><testcase classname="backend.tests.test_reconciliation.TestReconciliationSummary" name="test_get_daily_summary" time="1.278" /><testcase classname="backend.tests.test_reconciliation.TestBankStatementUpload" name="test_upload_csv_statement" time="4.299" /><testcase classname="backend.tests.test_reconciliation.TestBankStatementUpload" name="test_upload_excel_statement" time="3.186" /><testcase classname="backend.tests.test_reconciliation.TestBankStatementUpload" name="test_get_reconciliation_batches" time="1.219" /><testcase classname="backend.tests.test_reconciliation.TestBankStatementUpload" name="test_get_batch_details" time="1.866" /><testcase classname="backend.tests.test_reconciliation.TestQuickReconcile" name="test_quick_reconcile" time="2.076" /><testcase classname="backend.tests.test_reconciliation.TestBulkReconcile" name="test_bulk_reconcile" time="3.018" /><testcase classname="backend.tests.test_reconciliation.TestFlagForReview" name="test_flag_item" time="2.167" /><testcase classname="backend.tests.test_reconciliation.TestFlagForReview" name="test_get_flagged_items" time="0.839" /><testcase classname="backend.tests.test_reconciliation.TestAdjustment" name="test_create_adjustment" time="3.362" /><testcase classname="backend.tests.test_reconciliation.TestWriteOff" name="test_write_off_variance" time="1.881" /><testcase classname="backend.tests.test_reconciliation.TestHistory" name="test_get_history" time="1.621" /><testcase classname="backend.tests.test_reconciliation.TestHistory" name="test_get_history_filtered" time="0.812" /><testcase classname="backend.tests.test_reconciliation.TestExportUnmatched" name="test_export_unmatched" time="1.853" /><testcase classname="backend.tests.test_reconciliation.TestPSPReconciliation" name="test_get_psp_reconciliation" time="3.259" /><testcase classname="backend.tests.test_reconciliation.TestPSPReconciliation" name="test_get_psp_details" time="1.753" /><testcase classname="backend.tests.test_reconciliation.TestClientReconciliation" name="test_get_client_reconciliation" time="3.012" /><testcase classname="backend.tests.test_reconciliation.TestClientReconciliation" name="test_get_client_details" time="3.519" /><testcase classname="backend.tests.test_reconciliation.TestVendorReconciliation" name="test_get_vendor_reconciliation" time="2.554" /><testcase classname="backend.tests.test_reconciliation.TestManualMatching" name="test_manual_match_entry" time="3.729" /></testsuite></testsuites>