<?xml version="1.0" encoding="utf-8"?><testsuites name="pytest tests"><testsuite name="pytest" errors="0" failures="0" skipped="0" tests="20" time="4.351" timestamp="2026-02-21T11:58:39.450759+00:00" hostname="agent-env-79b95d33-92b2-47bf-ae4f-aff39206fb55"><testcase classname="backend.tests.test_reports.TestAuthAndHealth" name="test_health_endpoint" time="0.200" /><testcase classname="backend.tests.test_reports.TestAuthAndHealth" name="test_admin_login" time="0.335" /><testcase classname="backend.tests.test_reports.TestTransactionsDetailedReport" name="test_get_transactions_detailed_report" time="0.750" /><testcase classname="backend.tests.test_reports.TestTransactionsDetailedReport" name="test_transactions_report_with_date_filter" time="0.388" /><testcase classname="backend.tests.test_reports.TestTransactionsDetailedReport" name="test_deposits_by_currency_has_usd_equivalent" time="0.451" /><testcase classname="backend.tests.test_reports.TestVendorSummaryReport" name="test_get_vendor_summary_report" time="0.107" /><testcase classname="backend.tests.test_reports.TestVendorSummaryReport" name="test_vendor_report_has_commission_deduction" time="0.134" /><testcase classname="backend.tests.test_reports.TestVendorCommissionsReport" name="test_get_vendor_commissions_report" time="0.225" /><testcase classname="backend.tests.test_reports.TestVendorCommissionsReport" name="test_commission_breakdown_by_vendor" time="0.211" /><testcase classname="backend.tests.test_reports.TestClientBalancesReport" name="test_get_client_balances_report" time="0.115" /><testcase classname="backend.tests.test_reports.TestClientBalancesReport" name="test_client_balances_detail" time="0.103" /><testcase classname="backend.tests.test_reports.TestTreasurySummaryReport" name="test_get_treasury_summary_report" time="0.133" /><testcase classname="backend.tests.test_reports.TestTreasurySummaryReport" name="test_treasury_balance_by_currency" time="0.100" /><testcase classname="backend.tests.test_reports.TestTreasurySummaryReport" name="test_treasury_accounts_have_usd_equivalent" time="0.121" /><testcase classname="backend.tests.test_reports.TestPSPSummaryReport" name="test_get_psp_summary_report" time="0.141" /><testcase classname="backend.tests.test_reports.TestPSPSummaryReport" name="test_psp_details_structure" time="0.126" /><testcase classname="backend.tests.test_reports.TestFinancialSummaryReport" name="test_get_financial_summary_report" time="0.154" /><testcase classname="backend.tests.test_reports.TestFinancialSummaryReport" name="test_financial_pnl_calculation" time="0.116" /><testcase classname="backend.tests.test_reports.TestFinancialSummaryReport" name="test_loan_summary_structure" time="0.116" /><testcase classname="backend.tests.test_reports.TestTransactionsSummaryChart" name="test_get_transactions_summary_chart" time="0.108" /></testsuite></testsuites>