<?xml version="1.0" encoding="utf-8"?><testsuites name="pytest tests"><testsuite name="pytest" errors="0" failures="0" skipped="0" tests="14" time="3.911" timestamp="2026-02-25T21:07:28.292212+00:00" hostname="agent-env-232e4400-3ea9-4d24-a351-308af7c03b78"><testcase classname="backend.tests.test_reserve_fund.TestReserveFundBackend" name="test_01_psp_summary_has_reserve_fund_held" time="0.730" /><testcase classname="backend.tests.test_reserve_fund.TestReserveFundBackend" name="test_02_psp_detail_has_reserve_fund_rate" time="0.136" /><testcase classname="backend.tests.test_reserve_fund.TestReserveFundBackend" name="test_03_global_reserve_summary_endpoint" time="0.286" /><testcase classname="backend.tests.test_reserve_fund.TestReserveFundBackend" name="test_04_reserve_fund_ledger_endpoint" time="0.304" /><testcase classname="backend.tests.test_reserve_fund.TestReserveFundBackend" name="test_05_reserve_fund_ledger_404_for_invalid_psp" time="0.123" /><testcase classname="backend.tests.test_reserve_fund.TestReserveFundBackend" name="test_06_create_psp_with_fee_fields" time="0.400" /><testcase classname="backend.tests.test_reserve_fund.TestReserveFundBackend" name="test_07_update_psp_reserve_fund_rate" time="0.417" /><testcase classname="backend.tests.test_reserve_fund.TestReserveFundBackend" name="test_08_release_reserve_fund_single" time="0.219" /><testcase classname="backend.tests.test_reserve_fund.TestReserveFundBackend" name="test_09_release_reserve_fund_already_released" time="0.117" /><testcase classname="backend.tests.test_reserve_fund.TestReserveFundBackend" name="test_10_release_reserve_fund_invalid_tx" time="0.149" /><testcase classname="backend.tests.test_reserve_fund.TestReserveFundBackend" name="test_11_bulk_release_reserve_funds" time="0.322" /><testcase classname="backend.tests.test_reserve_fund.TestReserveFundBackend" name="test_12_bulk_release_empty_list_returns_400" time="0.167" /><testcase classname="backend.tests.test_reserve_fund.TestReserveFundBackend" name="test_13_pending_transactions_show_reserve_deduction" time="0.135" /><testcase classname="backend.tests.test_reserve_fund.TestReserveFundBackend" name="test_14_record_charges_on_transaction" time="0.282" /></testsuite></testsuites>