<?xml version="1.0" encoding="utf-8"?><testsuites name="pytest tests"><testsuite name="pytest" errors="0" failures="0" skipped="0" tests="13" time="5.842" timestamp="2026-02-19T10:40:44.783861+00:00" hostname="agent-env-ccabe6e9-48da-4960-bca0-8a1da9265064"><testcase classname="backend.tests.test_settlement_approval.TestSettlementApprovalWorkflow" name="test_get_pending_settlements_endpoint" time="0.446" /><testcase classname="backend.tests.test_settlement_approval.TestSettlementApprovalWorkflow" name="test_create_settlement_goes_to_pending" time="0.567" /><testcase classname="backend.tests.test_settlement_approval.TestSettlementApprovalWorkflow" name="test_approve_settlement_endpoint" time="0.457" /><testcase classname="backend.tests.test_settlement_approval.TestSettlementApprovalWorkflow" name="test_reject_settlement_endpoint" time="0.443" /><testcase classname="backend.tests.test_settlement_approval.TestTreasuryHistory" name="test_get_treasury_accounts" time="0.386" /><testcase classname="backend.tests.test_settlement_approval.TestTreasuryHistory" name="test_get_treasury_history_basic" time="0.435" /><testcase classname="backend.tests.test_settlement_approval.TestTreasuryHistory" name="test_treasury_history_with_date_filter" time="0.571" /><testcase classname="backend.tests.test_settlement_approval.TestTreasuryHistory" name="test_treasury_history_with_type_filter" time="0.553" /><testcase classname="backend.tests.test_settlement_approval.TestTreasuryHistory" name="test_treasury_history_invalid_account" time="0.379" /><testcase classname="backend.tests.test_settlement_approval.TestAccountantRole" name="test_accountant_login" time="0.318" /><testcase classname="backend.tests.test_settlement_approval.TestAccountantRole" name="test_accountant_can_access_pending_settlements" time="0.370" /><testcase classname="backend.tests.test_settlement_approval.TestApprovalsPageData" name="test_pending_transactions_endpoint" time="0.393" /><testcase classname="backend.tests.test_settlement_approval.TestApprovalsPageData" name="test_pending_settlements_endpoint" time="0.394" /></testsuite></testsuites>