<?xml version="1.0" encoding="utf-8"?><testsuites name="pytest tests"><testsuite name="pytest" errors="0" failures="2" skipped="0" tests="14" time="54.141" timestamp="2026-03-21T10:25:19.707148+00:00" hostname="agent-env-213f6dcc-eed8-4404-914f-2dc93fee0e18"><testcase classname="backend.tests.test_transaction_validation.TestTransactionValidation" name="test_empty_client_id_returns_400" time="11.626"><failure message="AssertionError: Expected 400, got 422&#10;assert 422 == 400&#10; +  where 422 = &lt;Response [422]&gt;.status_code">backend/tests/test_transaction_validation.py:97: in test_empty_client_id_returns_400
    assert response.status_code == 400, f"Expected 400, got {response.status_code}"
E   AssertionError: Expected 400, got 422
E   assert 422 == 400
E    +  where 422 = &lt;Response [422]&gt;.status_code</failure></testcase><testcase classname="backend.tests.test_transaction_validation.TestTransactionValidation" name="test_vendor_destination_without_vendor_id_returns_400" time="2.833" /><testcase classname="backend.tests.test_transaction_validation.TestTransactionValidation" name="test_negative_amount_returns_400" time="4.142" /><testcase classname="backend.tests.test_transaction_validation.TestTransactionValidation" name="test_zero_amount_returns_400" time="4.100" /><testcase classname="backend.tests.test_transaction_validation.TestTransactionValidation" name="test_duplicate_reference_returns_400" time="6.792" /><testcase classname="backend.tests.test_transaction_validation.TestTransactionValidation" name="test_psp_destination_without_psp_id_returns_400" time="2.880" /><testcase classname="backend.tests.test_transaction_validation.TestTransactionValidation" name="test_treasury_destination_without_account_id_returns_400" time="2.844" /><testcase classname="backend.tests.test_transaction_validation.TestTransactionValidation" name="test_valid_transaction_creation_succeeds" time="4.603"><failure message="AssertionError: Expected 200/201, got 400: {&quot;detail&quot;:&quot;Possible duplicate: Similar transaction created 2026-03-21T10:25:46.636131+00:00 (Transaction ID: tx_fcdafa588122). Wait 5 minutes or use a unique reference.&quot;}&#10;assert 400 in [200, 201]&#10; +  where 400 = &lt;Response [400]&gt;.status_code">backend/tests/test_transaction_validation.py:286: in test_valid_transaction_creation_succeeds
    assert response.status_code in [200, 201], f"Expected 200/201, got {response.status_code}: {response.text}"
E   AssertionError: Expected 200/201, got 400: {"detail":"Possible duplicate: Similar transaction created 2026-03-21T10:25:46.636131+00:00 (Transaction ID: tx_fcdafa588122). Wait 5 minutes or use a unique reference."}
E   assert 400 in [200, 201]
E    +  where 400 = &lt;Response [400]&gt;.status_code</failure></testcase><testcase classname="backend.tests.test_transaction_validation.TestTransactionValidation" name="test_valid_vendor_transaction_creation_succeeds" time="6.620" /><testcase classname="backend.tests.test_transaction_validation.TestLoginFlow" name="test_login_with_valid_credentials" time="1.006" /><testcase classname="backend.tests.test_transaction_validation.TestLoginFlow" name="test_login_with_accountant_credentials" time="1.014" /><testcase classname="backend.tests.test_transaction_validation.TestLoginFlow" name="test_login_with_invalid_credentials" time="0.554" /><testcase classname="backend.tests.test_transaction_validation.TestTransactionsPageLoad" name="test_transactions_endpoint_returns_data" time="2.737" /><testcase classname="backend.tests.test_transaction_validation.TestTransactionsPageLoad" name="test_transactions_form_data_endpoint" time="2.261" /></testsuite></testsuites>