<?xml version="1.0" encoding="utf-8"?><testsuites name="pytest tests"><testsuite name="pytest" errors="0" failures="0" skipped="0" tests="11" time="7.602" timestamp="2026-02-19T13:26:58.580662+00:00" hostname="agent-env-50005783-7904-47ef-af71-9e71cf802af2"><testcase classname="backend.tests.test_treasury_transfer.TestTreasuryTransfer" name="test_get_treasury_accounts" time="0.599" /><testcase classname="backend.tests.test_treasury_transfer.TestTreasuryTransfer" name="test_create_two_treasury_accounts_for_transfer" time="0.577" /><testcase classname="backend.tests.test_treasury_transfer.TestTreasuryTransfer" name="test_transfer_requires_different_accounts" time="0.526" /><testcase classname="backend.tests.test_treasury_transfer.TestTreasuryTransfer" name="test_transfer_requires_positive_amount" time="0.716" /><testcase classname="backend.tests.test_treasury_transfer.TestTreasuryTransfer" name="test_transfer_validates_source_account_exists" time="0.568" /><testcase classname="backend.tests.test_treasury_transfer.TestTreasuryTransfer" name="test_transfer_validates_destination_account_exists" time="0.595" /><testcase classname="backend.tests.test_treasury_transfer.TestTreasuryTransfer" name="test_transfer_checks_insufficient_balance" time="0.965" /><testcase classname="backend.tests.test_treasury_transfer.TestTreasuryTransfer" name="test_transfer_returns_proper_response" time="0.843" /><testcase classname="backend.tests.test_treasury_transfer.TestTreasuryTransfer" name="test_transfer_with_exchange_rate" time="0.754" /><testcase classname="backend.tests.test_treasury_transfer.TestTreasuryTransfer" name="test_transfer_recorded_in_history" time="0.783" /><testcase classname="backend.tests.test_treasury_transfer.TestTreasuryTransfer" name="test_transfer_requires_admin_role" time="0.550" /></testsuite></testsuites>