<?xml version="1.0" encoding="utf-8"?><testsuites name="pytest tests"><testsuite name="pytest" errors="0" failures="0" skipped="0" tests="8" time="50.435" timestamp="2026-03-26T15:39:58.944508+00:00" hostname="agent-env-213f6dcc-eed8-4404-914f-2dc93fee0e18"><testcase classname="backend.tests.test_tx_creation_fix.TestTransactionCreationFixes" name="test_pending_count_endpoint_returns_200" time="12.365" /><testcase classname="backend.tests.test_tx_creation_fix.TestTransactionCreationFixes" name="test_create_transaction_deposit_to_psp" time="6.074" /><testcase classname="backend.tests.test_tx_creation_fix.TestTransactionCreationFixes" name="test_create_transaction_request_deposit_auto_process" time="5.904" /><testcase classname="backend.tests.test_tx_creation_fix.TestTransactionCreationFixes" name="test_create_transaction_request_withdrawal_stays_pending" time="4.924" /><testcase classname="backend.tests.test_tx_creation_fix.TestTransactionCreationFixes" name="test_duplicate_detection_with_informative_error" time="6.701" /><testcase classname="backend.tests.test_tx_creation_fix.TestTransactionCreationFixes" name="test_validation_error_missing_client_id" time="5.079" /><testcase classname="backend.tests.test_tx_creation_fix.TestTransactionCreationFixes" name="test_validation_error_missing_amount" time="4.037" /><testcase classname="backend.tests.test_tx_creation_fix.TestTransactionCreationFixes" name="test_transaction_requests_list_endpoint" time="5.266" /></testsuite></testsuites>