<?xml version="1.0" encoding="utf-8"?><testsuites name="pytest tests"><testsuite name="pytest" errors="0" failures="0" skipped="0" tests="10" time="22.133" timestamp="2026-03-10T21:55:24.002541+00:00" hostname="agent-env-b2adb88d-48f4-4861-886b-927eca40ae90"><testcase classname="backend.tests.test_tx_requests_edit.TestTransactionRequestsEdit" name="test_login_success" time="1.081" /><testcase classname="backend.tests.test_tx_requests_edit.TestTransactionRequestsEdit" name="test_get_transaction_requests" time="1.073" /><testcase classname="backend.tests.test_tx_requests_edit.TestTransactionRequestsEdit" name="test_filter_requests_by_status_pending" time="1.055" /><testcase classname="backend.tests.test_tx_requests_edit.TestTransactionRequestsEdit" name="test_filter_requests_by_status_processed" time="1.088" /><testcase classname="backend.tests.test_tx_requests_edit.TestTransactionRequestsEdit" name="test_create_pending_request" time="2.911" /><testcase classname="backend.tests.test_tx_requests_edit.TestTransactionRequestsEdit" name="test_edit_pending_request_amount" time="3.308" /><testcase classname="backend.tests.test_tx_requests_edit.TestTransactionRequestsEdit" name="test_edit_pending_request_base_currency" time="3.316" /><testcase classname="backend.tests.test_tx_requests_edit.TestTransactionRequestsEdit" name="test_edit_pending_request_destination" time="3.297" /><testcase classname="backend.tests.test_tx_requests_edit.TestTransactionRequestsEdit" name="test_cannot_edit_processed_request" time="1.891" /><testcase classname="backend.tests.test_tx_requests_edit.TestTransactionRequestsEdit" name="test_delete_pending_request" time="3.059" /></testsuite></testsuites>