<?xml version="1.0" encoding="utf-8"?><testsuites name="pytest tests"><testsuite name="pytest" errors="0" failures="0" skipped="0" tests="24" time="6.342" timestamp="2026-02-26T19:30:03.933855+00:00" hostname="agent-env-7fe12b66-906d-4842-8f16-8811d8d0b6b2"><testcase classname="backend.tests.test_vendor_suppliers_ie_categories.TestVendorSuppliersCRUD" name="test_create_vendor_supplier_basic" time="0.690" /><testcase classname="backend.tests.test_vendor_suppliers_ie_categories.TestVendorSuppliersCRUD" name="test_create_vendor_supplier_full" time="0.074" /><testcase classname="backend.tests.test_vendor_suppliers_ie_categories.TestVendorSuppliersCRUD" name="test_create_vendor_duplicate_name_fails" time="0.151" /><testcase classname="backend.tests.test_vendor_suppliers_ie_categories.TestVendorSuppliersCRUD" name="test_get_all_vendor_suppliers" time="0.087" /><testcase classname="backend.tests.test_vendor_suppliers_ie_categories.TestVendorSuppliersCRUD" name="test_get_vendor_supplier_by_id" time="0.191" /><testcase classname="backend.tests.test_vendor_suppliers_ie_categories.TestVendorSuppliersCRUD" name="test_update_vendor_supplier" time="0.352" /><testcase classname="backend.tests.test_vendor_suppliers_ie_categories.TestVendorSuppliersCRUD" name="test_delete_vendor_supplier" time="0.253" /><testcase classname="backend.tests.test_vendor_suppliers_ie_categories.TestVendorSuppliersCRUD" name="test_search_vendor_suppliers" time="0.176" /><testcase classname="backend.tests.test_vendor_suppliers_ie_categories.TestIECategoriesCRUD" name="test_create_category_basic" time="0.073" /><testcase classname="backend.tests.test_vendor_suppliers_ie_categories.TestIECategoriesCRUD" name="test_create_category_income_type" time="0.079" /><testcase classname="backend.tests.test_vendor_suppliers_ie_categories.TestIECategoriesCRUD" name="test_create_category_expense_type" time="0.093" /><testcase classname="backend.tests.test_vendor_suppliers_ie_categories.TestIECategoriesCRUD" name="test_create_category_duplicate_fails" time="0.152" /><testcase classname="backend.tests.test_vendor_suppliers_ie_categories.TestIECategoriesCRUD" name="test_get_all_categories" time="0.073" /><testcase classname="backend.tests.test_vendor_suppliers_ie_categories.TestIECategoriesCRUD" name="test_get_active_categories_only" time="0.075" /><testcase classname="backend.tests.test_vendor_suppliers_ie_categories.TestIECategoriesCRUD" name="test_get_categories_by_type" time="0.155" /><testcase classname="backend.tests.test_vendor_suppliers_ie_categories.TestIECategoriesCRUD" name="test_get_category_by_id" time="0.169" /><testcase classname="backend.tests.test_vendor_suppliers_ie_categories.TestIECategoriesCRUD" name="test_update_category" time="0.294" /><testcase classname="backend.tests.test_vendor_suppliers_ie_categories.TestIECategoriesCRUD" name="test_delete_category" time="0.214" /><testcase classname="backend.tests.test_vendor_suppliers_ie_categories.TestIncomeExpenseWithLinkedEntities" name="test_create_income_with_custom_category" time="0.221" /><testcase classname="backend.tests.test_vendor_suppliers_ie_categories.TestIncomeExpenseWithLinkedEntities" name="test_create_expense_linked_to_vendor_supplier" time="0.154" /><testcase classname="backend.tests.test_vendor_suppliers_ie_categories.TestIncomeExpenseWithLinkedEntities" name="test_create_expense_linked_to_client" time="0.158" /><testcase classname="backend.tests.test_vendor_suppliers_ie_categories.TestIncomeExpenseWithLinkedEntities" name="test_create_income_with_all_linked_entities" time="0.180" /><testcase classname="backend.tests.test_vendor_suppliers_ie_categories.TestIncomeExpenseWithLinkedEntities" name="test_list_entries_shows_linked_names" time="0.235" /><testcase classname="backend.tests.test_vendor_suppliers_ie_categories" name="test_cleanup" time="1.839" /></testsuite></testsuites>