<?xml version="1.0" encoding="utf-8"?><testsuites name="pytest tests"><testsuite name="pytest" errors="0" failures="0" skipped="0" tests="11" time="6.851" timestamp="2026-02-20T22:39:23.161968+00:00" hostname="agent-env-5512a363-77b2-4b38-8447-bd11070eeda4"><testcase classname="backend.tests.test_vendor_commission.TestVendorCommissionCalculation" name="test_vendor_has_commission_rates" time="0.495" /><testcase classname="backend.tests.test_vendor_commission.TestVendorCommissionCalculation" name="test_vendor_me_shows_commission_rates" time="0.502" /><testcase classname="backend.tests.test_vendor_commission.TestVendorCommissionCalculation" name="test_deposit_approval_calculates_commission" time="0.595" /><testcase classname="backend.tests.test_vendor_commission.TestVendorCommissionCalculation" name="test_withdrawal_approval_calculates_commission" time="0.620" /><testcase classname="backend.tests.test_vendor_commission.TestSettlementBalanceWithCommission" name="test_vendor_me_shows_settlement_by_currency" time="0.110" /><testcase classname="backend.tests.test_vendor_commission.TestSettlementBalanceWithCommission" name="test_admin_vendor_details_shows_settlement" time="0.302" /><testcase classname="backend.tests.test_vendor_commission.TestCommissionColumnInTransactions" name="test_vendor_transactions_include_commission" time="0.720" /><testcase classname="backend.tests.test_vendor_commission.TestCommissionColumnInTransactions" name="test_admin_vendor_transactions_include_commission" time="0.803" /><testcase classname="backend.tests.test_vendor_commission.TestTotalCommissionEarned" name="test_total_commission_from_settlement_by_currency" time="0.110" /><testcase classname="backend.tests.test_vendor_commission.TestCommissionWithDifferentRates" name="test_vendor3_commission_rates" time="0.955" /><testcase classname="backend.tests.test_vendor_commission.TestCleanup" name="test_cleanup_test_transactions" time="1.585" /></testsuite></testsuites>