<?xml version="1.0" encoding="utf-8"?><testsuites name="pytest tests"><testsuite name="pytest" errors="0" failures="0" skipped="0" tests="19" time="45.093" timestamp="2026-03-03T18:37:24.400039+00:00" hostname="agent-env-85c6a0de-88dc-4927-885d-bcbe73e5c545"><testcase classname="backend.tests.test_vendor_transactions.TestVendorTransactionsEndpoints" name="test_vendor_get_all_transactions_success" time="2.965" /><testcase classname="backend.tests.test_vendor_transactions.TestVendorTransactionsEndpoints" name="test_vendor_transactions_filter_by_status_pending" time="2.552" /><testcase classname="backend.tests.test_vendor_transactions.TestVendorTransactionsEndpoints" name="test_vendor_transactions_filter_by_status_approved" time="2.554" /><testcase classname="backend.tests.test_vendor_transactions.TestVendorTransactionsEndpoints" name="test_vendor_transactions_filter_by_status_rejected" time="2.567" /><testcase classname="backend.tests.test_vendor_transactions.TestVendorTransactionsEndpoints" name="test_vendor_transactions_filter_by_status_completed" time="2.544" /><testcase classname="backend.tests.test_vendor_transactions.TestVendorTransactionsEndpoints" name="test_vendor_transactions_filter_by_type_deposit" time="2.548" /><testcase classname="backend.tests.test_vendor_transactions.TestVendorTransactionsEndpoints" name="test_vendor_transactions_filter_by_type_withdrawal" time="2.574" /><testcase classname="backend.tests.test_vendor_transactions.TestVendorTransactionsEndpoints" name="test_vendor_transactions_filter_by_date_range" time="2.576" /><testcase classname="backend.tests.test_vendor_transactions.TestVendorTransactionsEndpoints" name="test_vendor_transactions_combined_filters" time="2.584" /><testcase classname="backend.tests.test_vendor_transactions.TestVendorTransactionsEndpoints" name="test_vendor_export_excel_success" time="2.507" /><testcase classname="backend.tests.test_vendor_transactions.TestVendorTransactionsEndpoints" name="test_vendor_export_excel_with_filters" time="2.548" /><testcase classname="backend.tests.test_vendor_transactions.TestVendorTransactionsEndpoints" name="test_vendor_export_pdf_success" time="2.568" /><testcase classname="backend.tests.test_vendor_transactions.TestVendorTransactionsEndpoints" name="test_vendor_export_pdf_with_filters" time="2.639" /><testcase classname="backend.tests.test_vendor_transactions.TestVendorTransactionsEndpoints" name="test_non_vendor_cannot_access_vendor_transactions" time="2.090" /><testcase classname="backend.tests.test_vendor_transactions.TestVendorTransactionsEndpoints" name="test_non_vendor_cannot_export_excel" time="2.072" /><testcase classname="backend.tests.test_vendor_transactions.TestVendorTransactionsEndpoints" name="test_non_vendor_cannot_export_pdf" time="2.137" /><testcase classname="backend.tests.test_vendor_transactions.TestVendorTransactionsEndpoints" name="test_unauthenticated_cannot_access_vendor_transactions" time="1.664" /><testcase classname="backend.tests.test_vendor_transactions.TestVendorTransactionsEndpoints" name="test_unauthenticated_cannot_export_excel" time="1.587" /><testcase classname="backend.tests.test_vendor_transactions.TestVendorTransactionsEndpoints" name="test_unauthenticated_cannot_export_pdf" time="1.694" /></testsuite></testsuites>