<?xml version="1.0" encoding="utf-8"?><testsuites name="pytest tests"><testsuite name="pytest" errors="0" failures="0" skipped="0" tests="21" time="11.483" timestamp="2026-02-19T01:56:37.400270+00:00" hostname="agent-env-1cdad4d8-dc59-4ff8-b5f4-e25b2a6b5ebf"><testcase classname="backend.tests.test_vendor_features.TestVendorAuthentication" name="test_admin_login" time="0.495" /><testcase classname="backend.tests.test_vendor_features.TestVendorAuthentication" name="test_vendor1_login" time="0.330" /><testcase classname="backend.tests.test_vendor_features.TestVendorAuthentication" name="test_vendor2_login" time="0.361" /><testcase classname="backend.tests.test_vendor_features.TestVendorCRUD" name="test_get_vendors_list" time="0.452" /><testcase classname="backend.tests.test_vendor_features.TestVendorCRUD" name="test_get_single_vendor" time="0.278" /><testcase classname="backend.tests.test_vendor_features.TestVendorCRUD" name="test_create_vendor" time="0.591" /><testcase classname="backend.tests.test_vendor_features.TestVendorCRUD" name="test_update_vendor" time="0.255" /><testcase classname="backend.tests.test_vendor_features.TestVendorCRUD" name="test_create_vendor_duplicate_email_fails" time="0.391" /><testcase classname="backend.tests.test_vendor_features.TestVendorPortal" name="test_vendor_get_my_info" time="0.457" /><testcase classname="backend.tests.test_vendor_features.TestVendorPortal" name="test_vendor_get_assigned_transactions" time="0.606" /><testcase classname="backend.tests.test_vendor_features.TestVendorPortal" name="test_admin_cannot_access_vendor_me_endpoint" time="0.144" /><testcase classname="backend.tests.test_vendor_features.TestVendorTransactions" name="test_create_vendor_deposit_transaction" time="0.408" /><testcase classname="backend.tests.test_vendor_features.TestVendorTransactions" name="test_create_vendor_withdrawal_transaction" time="0.440" /><testcase classname="backend.tests.test_vendor_features.TestVendorActions" name="test_vendor_approve_transaction" time="0.881" /><testcase classname="backend.tests.test_vendor_features.TestVendorActions" name="test_vendor_reject_transaction" time="1.002" /><testcase classname="backend.tests.test_vendor_features.TestVendorActions" name="test_vendor_complete_withdrawal_with_proof" time="1.316" /><testcase classname="backend.tests.test_vendor_features.TestVendorActions" name="test_vendor_cannot_approve_other_vendor_transaction" time="0.981" /><testcase classname="backend.tests.test_vendor_features.TestVendorSettlement" name="test_settle_vendor_with_bank_type" time="0.652" /><testcase classname="backend.tests.test_vendor_features.TestVendorSettlement" name="test_settle_vendor_with_cash_type" time="0.718" /><testcase classname="backend.tests.test_vendor_features.TestVendorSettlement" name="test_get_vendor_settlements" time="0.296" /><testcase classname="backend.tests.test_vendor_features.TestCleanup" name="test_cleanup_test_vendors" time="0.292" /></testsuite></testsuites>